#
# There is insufficient memory for the Java Runtime Environment to continue.
# Native memory allocation (malloc) failed to allocate 1185776 bytes for Chunk::new
# Possible reasons:
#   The system is out of physical RAM or swap space
#   The process is running with CompressedOops enabled, and the Java Heap may be blocking the growth of the native heap
# Possible solutions:
#   Reduce memory load on the system
#   Increase physical memory or swap space
#   Check if swap backing store is full
#   Decrease Java heap size (-Xmx/-Xms)
#   Decrease number of Java threads
#   Decrease Java thread stack sizes (-Xss)
#   Set larger code cache with -XX:ReservedCodeCacheSize=
#   JVM is running with Unscaled Compressed Oops mode in which the Java heap is
#     placed in the first 4GB address space. The Java Heap base address is the
#     maximum limit for the native heap growth. Please use -XX:HeapBaseMinAddress
#     to set the Java Heap base and to place the Java Heap above 4GB virtual address.
# This output file may be truncated or incomplete.
#
#  Out of Memory Error (arena.cpp:189), pid=9168, tid=10892
#
# JRE version: OpenJDK Runtime Environment (17.0.6) (build 17.0.6+0-b2043.56-9586694)
# Java VM: OpenJDK 64-Bit Server VM (17.0.6+0-b2043.56-9586694, mixed mode, tiered, compressed oops, compressed class ptrs, g1 gc, windows-amd64)
# No core dump will be written. Minidumps are not enabled by default on client versions of Windows
#

---------------  S U M M A R Y ------------

Command Line: --add-opens=java.base/java.util=ALL-UNNAMED --add-opens=java.base/java.lang=ALL-UNNAMED --add-opens=java.base/java.lang.invoke=ALL-UNNAMED --add-opens=java.prefs/java.util.prefs=ALL-UNNAMED --add-opens=java.base/java.nio.charset=ALL-UNNAMED --add-opens=java.base/java.net=ALL-UNNAMED --add-opens=java.base/java.util.concurrent.atomic=ALL-UNNAMED -Xmx2048m -Dfile.encoding=UTF-8 -Duser.country=KR -Duser.language=ko -Duser.variant org.gradle.launcher.daemon.bootstrap.GradleDaemon 8.0

Host: Intel(R) Core(TM) i5-6500 CPU @ 3.20GHz, 4 cores, 23G,  Windows 10 , 64 bit Build 19041 (10.0.19041.3031)
Time: Wed Jul  5 21:47:01 2023  Windows 10 , 64 bit Build 19041 (10.0.19041.3031) elapsed time: 2306.168238 seconds (0d 0h 38m 26s)

---------------  T H R E A D  ---------------

Current thread (0x0000020cfd4b6da0):  JavaThread "C2 CompilerThread0" daemon [_thread_in_native, id=10892, stack(0x0000001fede00000,0x0000001fedf00000)]


Current CompileTask:
C2:2306168 23172       4       org.gradle.api.internal.artifacts.transform.ConsumerProvidedVariantFinder::doFindTransformedVariants (425 bytes)

Stack: [0x0000001fede00000,0x0000001fedf00000]
Native frames: (J=compiled Java code, j=interpreted, Vv=VM code, C=native code)
V  [jvm.dll+0x683b4a]
V  [jvm.dll+0x842654]
V  [jvm.dll+0x843dfe]
V  [jvm.dll+0x844463]
V  [jvm.dll+0x249b75]
V  [jvm.dll+0xabcac]
V  [jvm.dll+0xac27c]
V  [jvm.dll+0x368802]
V  [jvm.dll+0x332f31]
V  [jvm.dll+0x3323da]
V  [jvm.dll+0x21c201]
V  [jvm.dll+0x21b621]
V  [jvm.dll+0x1a4fdd]
V  [jvm.dll+0x22b098]
V  [jvm.dll+0x229159]
V  [jvm.dll+0x7f809c]
V  [jvm.dll+0x7f25fa]
V  [jvm.dll+0x682985]
C  [ucrtbase.dll+0x21bb2]
C  [KERNEL32.DLL+0x17614]
C  [ntdll.dll+0x526f1]


---------------  P R O C E S S  ---------------

Threads class SMR info:
_java_thread_list=0x0000020c8631e400, length=110, elements={
0x0000020ce3248800, 0x0000020cfd489620, 0x0000020cfd48ac80, 0x0000020cfd4755a0,
0x0000020cfd4af010, 0x0000020cfd4b18e0, 0x0000020cfd4b21a0, 0x0000020cfd4b6da0,
0x0000020cfd4b7eb0, 0x0000020cfd557df0, 0x0000020cfd661260, 0x0000020cfd667f70,
0x0000020c80936900, 0x0000020cfe6c76b0, 0x0000020cfe670de0, 0x0000020cfe250b20,
0x0000020cfe250650, 0x0000020cfe24f7e0, 0x0000020cfe250ff0, 0x0000020cfe24fcb0,
0x0000020cfe251e60, 0x0000020cfe24f310, 0x0000020c8044a2e0, 0x0000020c80449940,
0x0000020c8044baf0, 0x0000020c80447790, 0x0000020c82472aa0, 0x0000020c87e87b60,
0x0000020c8369fa20, 0x0000020c8719d560, 0x0000020c842d9f80, 0x0000020c842da450,
0x0000020c80ba0d90, 0x0000020c83d5c880, 0x0000020c837003c0, 0x0000020c87e88500,
0x0000020c83701bd0, 0x0000020c807a4e20, 0x0000020c837020a0, 0x0000020c828b5420,
0x0000020c828b3c10, 0x0000020c828b4a80, 0x0000020c803bcba0, 0x0000020c83700d60,
0x0000020c87c4ddf0, 0x0000020c807a6b00, 0x0000020c828b45b0, 0x0000020c828b4f50,
0x0000020c85db8760, 0x0000020c85db8c30, 0x0000020c82473de0, 0x0000020c82475f90,
0x0000020c821b7670, 0x0000020c821b4ff0, 0x0000020c821b71a0, 0x0000020c821b6cd0,
0x0000020c821b5e60, 0x0000020c821b7b40, 0x0000020c87c4e2c0, 0x0000020c821b8010,
0x0000020c807a52f0, 0x0000020c807a4480, 0x0000020c807a6160, 0x0000020c807a6fd0,
0x0000020c807a74a0, 0x0000020c807a7e40, 0x0000020c807a4950, 0x0000020c83700890,
0x0000020c83702570, 0x0000020c836ff080, 0x0000020c836ff550, 0x0000020c83701230,
0x0000020c836ffa20, 0x0000020c836ffef0, 0x0000020c80b9fa50, 0x0000020c80b9ff20,
0x0000020c80ba1260, 0x0000020c80ba03f0, 0x0000020c80ba08c0, 0x0000020c8639cbb0,
0x0000020c8639c210, 0x0000020c8639bd40, 0x0000020c8639d080, 0x0000020c8639d550,
0x0000020c8639c6e0, 0x0000020c85df71b0, 0x0000020c85df8020, 0x0000020c85df84f0,
0x0000020c85df6ce0, 0x0000020c85df7680, 0x0000020c85df7b50, 0x0000020c873cf070,
0x0000020c873d0d50, 0x0000020c873cfee0, 0x0000020c873cf540, 0x0000020c873cfa10,
0x0000020c82476460, 0x0000020c824772d0, 0x0000020c82478ae0, 0x0000020c82473440,
0x0000020c82473910, 0x0000020c821b6330, 0x0000020c871d0c30, 0x0000020c873d1220,
0x0000020c873d03b0, 0x0000020c873d0880, 0x0000020c821b4650, 0x0000020c821b4b20,
0x0000020c821b54c0, 0x0000020c821b5990
}

Java Threads: ( => current thread )
  0x0000020ce3248800 JavaThread "main" [_thread_blocked, id=4520, stack(0x0000001fed100000,0x0000001fed200000)]
  0x0000020cfd489620 JavaThread "Reference Handler" daemon [_thread_blocked, id=16648, stack(0x0000001fed800000,0x0000001fed900000)]
  0x0000020cfd48ac80 JavaThread "Finalizer" daemon [_thread_blocked, id=25360, stack(0x0000001fed900000,0x0000001feda00000)]
  0x0000020cfd4755a0 JavaThread "Signal Dispatcher" daemon [_thread_blocked, id=9412, stack(0x0000001feda00000,0x0000001fedb00000)]
  0x0000020cfd4af010 JavaThread "Attach Listener" daemon [_thread_blocked, id=6724, stack(0x0000001fedb00000,0x0000001fedc00000)]
  0x0000020cfd4b18e0 JavaThread "Service Thread" daemon [_thread_blocked, id=25960, stack(0x0000001fedc00000,0x0000001fedd00000)]
  0x0000020cfd4b21a0 JavaThread "Monitor Deflation Thread" daemon [_thread_blocked, id=8120, stack(0x0000001fedd00000,0x0000001fede00000)]
=>0x0000020cfd4b6da0 JavaThread "C2 CompilerThread0" daemon [_thread_in_native, id=10892, stack(0x0000001fede00000,0x0000001fedf00000)]
  0x0000020cfd4b7eb0 JavaThread "C1 CompilerThread0" daemon [_thread_blocked, id=19012, stack(0x0000001fedf00000,0x0000001fee000000)]
  0x0000020cfd557df0 JavaThread "Sweeper thread" daemon [_thread_blocked, id=20732, stack(0x0000001fee000000,0x0000001fee100000)]
  0x0000020cfd661260 JavaThread "Common-Cleaner" daemon [_thread_blocked, id=9188, stack(0x0000001fee100000,0x0000001fee200000)]
  0x0000020cfd667f70 JavaThread "Notification Thread" daemon [_thread_blocked, id=14756, stack(0x0000001fee200000,0x0000001fee300000)]
  0x0000020c80936900 JavaThread "Daemon health stats" [_thread_blocked, id=16568, stack(0x0000001fee800000,0x0000001fee900000)]
  0x0000020cfe6c76b0 JavaThread "Incoming local TCP Connector on port 13563" [_thread_in_native, id=20500, stack(0x0000001fee400000,0x0000001fee500000)]
  0x0000020cfe670de0 JavaThread "Daemon periodic checks" [_thread_blocked, id=7212, stack(0x0000001fee900000,0x0000001feea00000)]
  0x0000020cfe250b20 JavaThread "Cache worker for journal cache (D:\.gradle\caches\journal-1)" [_thread_blocked, id=15720, stack(0x0000001fef100000,0x0000001fef200000)]
  0x0000020cfe250650 JavaThread "File lock request listener" [_thread_in_native, id=21132, stack(0x0000001fef200000,0x0000001fef300000)]
  0x0000020cfe24f7e0 JavaThread "Cache worker for file hash cache (D:\.gradle\caches\8.0\fileHashes)" [_thread_blocked, id=21540, stack(0x0000001fef300000,0x0000001fef400000)]
  0x0000020cfe250ff0 JavaThread "File watcher server" daemon [_thread_in_native, id=13760, stack(0x0000001fef500000,0x0000001fef600000)]
  0x0000020cfe24fcb0 JavaThread "File watcher consumer" daemon [_thread_blocked, id=16228, stack(0x0000001fef600000,0x0000001fef700000)]
  0x0000020cfe251e60 JavaThread "Cache worker for file content cache (D:\.gradle\caches\8.0\fileContent)" [_thread_blocked, id=25052, stack(0x0000001fef800000,0x0000001fef900000)]
  0x0000020cfe24f310 JavaThread "Cache worker for execution history cache (D:\.gradle\caches\8.0\executionHistory)" [_thread_blocked, id=3292, stack(0x0000001fefb00000,0x0000001fefc00000)]
  0x0000020c8044a2e0 JavaThread "jar transforms" [_thread_blocked, id=19480, stack(0x0000001fefc00000,0x0000001fefd00000)]
  0x0000020c80449940 JavaThread "jar transforms Thread 2" [_thread_blocked, id=6224, stack(0x0000001fefd00000,0x0000001fefe00000)]
  0x0000020c8044baf0 JavaThread "jar transforms Thread 3" [_thread_blocked, id=7240, stack(0x0000001ff0000000,0x0000001ff0100000)]
  0x0000020c80447790 JavaThread "jar transforms Thread 4" [_thread_blocked, id=14192, stack(0x0000001ff0100000,0x0000001ff0200000)]
  0x0000020c82472aa0 JavaThread "Memory manager" [_thread_blocked, id=2472, stack(0x0000001ff2d00000,0x0000001ff2e00000)]
  0x0000020c87e87b60 JavaThread "pool-3-thread-1" [_thread_blocked, id=15080, stack(0x0000001ff2e00000,0x0000001ff2f00000)]
  0x0000020c8369fa20 JavaThread "RMI Scheduler(0)" daemon [_thread_blocked, id=3988, stack(0x0000001ff3600000,0x0000001ff3700000)]
  0x0000020c8719d560 JavaThread "RMI GC Daemon" daemon [_thread_blocked, id=22668, stack(0x0000001ff3b00000,0x0000001ff3c00000)]
  0x0000020c842d9f80 JavaThread "RMI TCP Accept-0" daemon [_thread_in_native, id=15968, stack(0x0000001ff3c00000,0x0000001ff3d00000)]
  0x0000020c842da450 JavaThread "RMI Reaper" [_thread_blocked, id=9584, stack(0x0000001ff3d00000,0x0000001ff3e00000)]
  0x0000020c80ba0d90 JavaThread "Cache worker for Java compile cache (D:\.gradle\caches\8.0\javaCompile)" [_thread_blocked, id=22496, stack(0x0000001ff3f00000,0x0000001ff4000000)]
  0x0000020c83d5c880 JavaThread "pool-7-thread-1" [_thread_blocked, id=13644, stack(0x0000001ff2b00000,0x0000001ff2c00000)]
  0x0000020c837003c0 JavaThread "pool-10-thread-1" [_thread_blocked, id=11512, stack(0x0000001ff2f00000,0x0000001ff3000000)]
  0x0000020c87e88500 JavaThread "pool-13-thread-1" [_thread_blocked, id=12920, stack(0x0000001ff3100000,0x0000001ff3200000)]
  0x0000020c83701bd0 JavaThread "pool-16-thread-1" [_thread_blocked, id=25832, stack(0x0000001ff3300000,0x0000001ff3400000)]
  0x0000020c807a4e20 JavaThread "pool-20-thread-1" [_thread_blocked, id=3848, stack(0x0000001ff2a00000,0x0000001ff2b00000)]
  0x0000020c837020a0 JavaThread "RMI TCP Connection(23)-127.0.0.1" daemon [_thread_in_native, id=19340, stack(0x0000001fece00000,0x0000001fecf00000)]
  0x0000020c828b5420 JavaThread "Daemon Thread 4" [_thread_blocked, id=8732, stack(0x0000001fed000000,0x0000001fed100000)]
  0x0000020c828b3c10 JavaThread "Daemon worker Thread 4" [_thread_blocked, id=9536, stack(0x0000001feec00000,0x0000001feed00000)]
  0x0000020c828b4a80 JavaThread "pool-24-thread-1" [_thread_blocked, id=10012, stack(0x0000001ff3400000,0x0000001ff3500000)]
  0x0000020c803bcba0 JavaThread "included builds" [_thread_blocked, id=19564, stack(0x0000001ff3800000,0x0000001ff3900000)]
  0x0000020c83700d60 JavaThread "ForkJoinPool.commonPool-worker-9" daemon [_thread_blocked, id=23852, stack(0x0000001ff4700000,0x0000001ff4800000)]
  0x0000020c87c4ddf0 JavaThread "ForkJoinPool.commonPool-worker-10" daemon [_thread_blocked, id=11100, stack(0x0000001ff4800000,0x0000001ff4900000)]
  0x0000020c807a6b00 JavaThread "ForkJoinPool.commonPool-worker-11" daemon [_thread_blocked, id=4480, stack(0x0000001ff4900000,0x0000001ff4a00000)]
  0x0000020c828b45b0 JavaThread "pool-28-thread-1" [_thread_blocked, id=25112, stack(0x0000001ff3200000,0x0000001ff3300000)]
  0x0000020c828b4f50 JavaThread "included builds" [_thread_blocked, id=22128, stack(0x0000001ff3900000,0x0000001ff3a00000)]
  0x0000020c85db8760 JavaThread "pool-32-thread-1" [_thread_blocked, id=8716, stack(0x0000001ff3700000,0x0000001ff3800000)]
  0x0000020c85db8c30 JavaThread "included builds" [_thread_blocked, id=20896, stack(0x0000001ff3e00000,0x0000001ff3f00000)]
  0x0000020c82473de0 JavaThread "Handler for socket connection from /127.0.0.1:13563 to /127.0.0.1:4673" [_thread_in_native, id=6252, stack(0x0000001fecf00000,0x0000001fed000000)]
  0x0000020c82475f90 JavaThread "Cancel handler" [_thread_blocked, id=14176, stack(0x0000001feea00000,0x0000001feeb00000)]
  0x0000020c821b7670 JavaThread "Asynchronous log dispatcher for DefaultDaemonConnection: socket connection from /127.0.0.1:13563 to /127.0.0.1:4673" [_thread_blocked, id=7772, stack(0x0000001feeb00000,0x0000001feec00000)]
  0x0000020c821b4ff0 JavaThread "Stdin handler" [_thread_blocked, id=14972, stack(0x0000001feed00000,0x0000001feee00000)]
  0x0000020c821b71a0 JavaThread "Daemon client event forwarder" [_thread_blocked, id=924, stack(0x0000001feee00000,0x0000001feef00000)]
  0x0000020c821b6cd0 JavaThread "Cache worker for checksums cache (D:\commit\training\school\AndroidAppSCHOOL\android70_Ex01\.gradle\8.0\checksums)" [_thread_blocked, id=17840, stack(0x0000001feef00000,0x0000001fef000000)]
  0x0000020c821b5e60 JavaThread "Cache worker for cache directory md-rule (D:\.gradle\caches\8.0\md-rule)" [_thread_blocked, id=4136, stack(0x0000001fef000000,0x0000001fef100000)]
  0x0000020c821b7b40 JavaThread "Cache worker for file hash cache (D:\commit\training\school\AndroidAppSCHOOL\android70_Ex01\.gradle\8.0\fileHashes)" [_thread_blocked, id=21996, stack(0x0000001fef400000,0x0000001fef500000)]
  0x0000020c87c4e2c0 JavaThread "Cache worker for cache directory md-supplier (D:\.gradle\caches\8.0\md-supplier)" [_thread_blocked, id=15420, stack(0x0000001fef700000,0x0000001fef800000)]
  0x0000020c821b8010 JavaThread "Cache worker for dependencies-accessors (D:\commit\training\school\AndroidAppSCHOOL\android70_Ex01\.gradle\8.0\dependencies-accessors)" [_thread_blocked, id=7968, stack(0x0000001fef900000,0x0000001fefa00000)]
  0x0000020c807a52f0 JavaThread "Cache worker for Build Output Cleanup Cache (D:\commit\training\school\AndroidAppSCHOOL\android70_Ex01\.gradle\buildOutputCleanup)" [_thread_blocked, id=9372, stack(0x0000001fefa00000,0x0000001fefb00000)]
  0x0000020c807a4480 JavaThread "Unconstrained build operations" [_thread_blocked, id=14880, stack(0x0000001fefe00000,0x0000001feff00000)]
  0x0000020c807a6160 JavaThread "Unconstrained build operations Thread 2" [_thread_blocked, id=920, stack(0x0000001ff0200000,0x0000001ff0300000)]
  0x0000020c807a6fd0 JavaThread "Unconstrained build operations Thread 3" [_thread_blocked, id=8828, stack(0x0000001ff0300000,0x0000001ff0400000)]
  0x0000020c807a74a0 JavaThread "Unconstrained build operations Thread 4" [_thread_blocked, id=10084, stack(0x0000001ff0400000,0x0000001ff0500000)]
  0x0000020c807a7e40 JavaThread "Unconstrained build operations Thread 5" [_thread_blocked, id=16012, stack(0x0000001ff0500000,0x0000001ff0600000)]
  0x0000020c807a4950 JavaThread "Unconstrained build operations Thread 6" [_thread_blocked, id=5996, stack(0x0000001ff0600000,0x0000001ff0700000)]
  0x0000020c83700890 JavaThread "Unconstrained build operations Thread 7" [_thread_blocked, id=22872, stack(0x0000001ff0700000,0x0000001ff0800000)]
  0x0000020c83702570 JavaThread "Unconstrained build operations Thread 8" [_thread_blocked, id=7696, stack(0x0000001ff0800000,0x0000001ff0900000)]
  0x0000020c836ff080 JavaThread "Unconstrained build operations Thread 9" [_thread_blocked, id=26364, stack(0x0000001ff0900000,0x0000001ff0a00000)]
  0x0000020c836ff550 JavaThread "Unconstrained build operations Thread 10" [_thread_blocked, id=1496, stack(0x0000001ff0a00000,0x0000001ff0b00000)]
  0x0000020c83701230 JavaThread "Unconstrained build operations Thread 11" [_thread_blocked, id=23720, stack(0x0000001ff0b00000,0x0000001ff0c00000)]
  0x0000020c836ffa20 JavaThread "Unconstrained build operations Thread 12" [_thread_blocked, id=19636, stack(0x0000001ff0c00000,0x0000001ff0d00000)]
  0x0000020c836ffef0 JavaThread "Unconstrained build operations Thread 13" [_thread_blocked, id=15188, stack(0x0000001ff0d00000,0x0000001ff0e00000)]
  0x0000020c80b9fa50 JavaThread "Unconstrained build operations Thread 14" [_thread_blocked, id=15824, stack(0x0000001ff0e00000,0x0000001ff0f00000)]
  0x0000020c80b9ff20 JavaThread "Unconstrained build operations Thread 15" [_thread_blocked, id=20476, stack(0x0000001ff0f00000,0x0000001ff1000000)]
  0x0000020c80ba1260 JavaThread "Unconstrained build operations Thread 16" [_thread_blocked, id=14040, stack(0x0000001ff1000000,0x0000001ff1100000)]
  0x0000020c80ba03f0 JavaThread "Unconstrained build operations Thread 17" [_thread_blocked, id=20224, stack(0x0000001ff1100000,0x0000001ff1200000)]
  0x0000020c80ba08c0 JavaThread "Unconstrained build operations Thread 18" [_thread_blocked, id=16896, stack(0x0000001ff1200000,0x0000001ff1300000)]
  0x0000020c8639cbb0 JavaThread "Unconstrained build operations Thread 19" [_thread_blocked, id=15752, stack(0x0000001ff1300000,0x0000001ff1400000)]
  0x0000020c8639c210 JavaThread "Unconstrained build operations Thread 20" [_thread_blocked, id=24560, stack(0x0000001ff1400000,0x0000001ff1500000)]
  0x0000020c8639bd40 JavaThread "Unconstrained build operations Thread 21" [_thread_blocked, id=17484, stack(0x0000001ff1500000,0x0000001ff1600000)]
  0x0000020c8639d080 JavaThread "Unconstrained build operations Thread 22" [_thread_blocked, id=5140, stack(0x0000001ff1600000,0x0000001ff1700000)]
  0x0000020c8639d550 JavaThread "Unconstrained build operations Thread 23" [_thread_blocked, id=23828, stack(0x0000001ff1700000,0x0000001ff1800000)]
  0x0000020c8639c6e0 JavaThread "Unconstrained build operations Thread 24" [_thread_blocked, id=13780, stack(0x0000001ff1800000,0x0000001ff1900000)]
  0x0000020c85df71b0 JavaThread "Unconstrained build operations Thread 25" [_thread_blocked, id=9024, stack(0x0000001ff1900000,0x0000001ff1a00000)]
  0x0000020c85df8020 JavaThread "Unconstrained build operations Thread 26" [_thread_blocked, id=17936, stack(0x0000001ff1a00000,0x0000001ff1b00000)]
  0x0000020c85df84f0 JavaThread "Unconstrained build operations Thread 27" [_thread_blocked, id=14720, stack(0x0000001ff1b00000,0x0000001ff1c00000)]
  0x0000020c85df6ce0 JavaThread "Unconstrained build operations Thread 28" [_thread_blocked, id=19860, stack(0x0000001ff1c00000,0x0000001ff1d00000)]
  0x0000020c85df7680 JavaThread "Unconstrained build operations Thread 29" [_thread_blocked, id=8656, stack(0x0000001ff1d00000,0x0000001ff1e00000)]
  0x0000020c85df7b50 JavaThread "Unconstrained build operations Thread 30" [_thread_blocked, id=23536, stack(0x0000001ff1e00000,0x0000001ff1f00000)]
  0x0000020c873cf070 JavaThread "Unconstrained build operations Thread 31" [_thread_blocked, id=8224, stack(0x0000001ff1f00000,0x0000001ff2000000)]
  0x0000020c873d0d50 JavaThread "Unconstrained build operations Thread 32" [_thread_blocked, id=4752, stack(0x0000001ff2000000,0x0000001ff2100000)]
  0x0000020c873cfee0 JavaThread "Unconstrained build operations Thread 33" [_thread_blocked, id=15072, stack(0x0000001ff2100000,0x0000001ff2200000)]
  0x0000020c873cf540 JavaThread "Unconstrained build operations Thread 34" [_thread_blocked, id=18496, stack(0x0000001ff2200000,0x0000001ff2300000)]
  0x0000020c873cfa10 JavaThread "Unconstrained build operations Thread 35" [_thread_blocked, id=12148, stack(0x0000001ff2300000,0x0000001ff2400000)]
  0x0000020c82476460 JavaThread "Unconstrained build operations Thread 36" [_thread_blocked, id=4048, stack(0x0000001ff2400000,0x0000001ff2500000)]
  0x0000020c824772d0 JavaThread "Unconstrained build operations Thread 37" [_thread_blocked, id=8744, stack(0x0000001ff2500000,0x0000001ff2600000)]
  0x0000020c82478ae0 JavaThread "Unconstrained build operations Thread 38" [_thread_blocked, id=6168, stack(0x0000001ff2600000,0x0000001ff2700000)]
  0x0000020c82473440 JavaThread "Unconstrained build operations Thread 39" [_thread_blocked, id=3520, stack(0x0000001ff2700000,0x0000001ff2800000)]
  0x0000020c82473910 JavaThread "Unconstrained build operations Thread 40" [_thread_blocked, id=25584, stack(0x0000001ff2800000,0x0000001ff2900000)]
  0x0000020c821b6330 JavaThread "build event listener" [_thread_blocked, id=21732, stack(0x0000001ff2900000,0x0000001ff2a00000)]
  0x0000020c871d0c30 JavaThread "C2 CompilerThread1" daemon [_thread_in_native, id=23464, stack(0x0000001ff3000000,0x0000001ff3100000)]
  0x0000020c873d1220 JavaThread "pool-35-thread-1" [_thread_blocked, id=12364, stack(0x0000001ff3a00000,0x0000001ff3b00000)]
  0x0000020c873d03b0 JavaThread "build event listener" [_thread_blocked, id=11972, stack(0x0000001ff4000000,0x0000001ff4100000)]
  0x0000020c873d0880 JavaThread "included builds" [_thread_blocked, id=14992, stack(0x0000001ff4100000,0x0000001ff4200000)]
  0x0000020c821b4650 JavaThread "Execution worker" [_thread_blocked, id=1096, stack(0x0000001ff4200000,0x0000001ff4300000)]
  0x0000020c821b4b20 JavaThread "Execution worker Thread 2" [_thread_blocked, id=19968, stack(0x0000001ff4300000,0x0000001ff4400000)]
  0x0000020c821b54c0 JavaThread "Execution worker Thread 3" [_thread_in_Java, id=19452, stack(0x0000001ff4400000,0x0000001ff4500000)]
  0x0000020c821b5990 JavaThread "Cache worker for execution history cache (D:\commit\training\school\AndroidAppSCHOOL\android70_Ex01\.gradle\8.0\executionHistory)" [_thread_blocked, id=21104, stack(0x0000001ff4500000,0x0000001ff4600000)]

Other Threads:
  0x0000020cfd40cbe0 VMThread "VM Thread" [stack: 0x0000001fed700000,0x0000001fed800000] [id=23928]
  0x0000020cfd668850 WatcherThread [stack: 0x0000001fee300000,0x0000001fee400000] [id=25948]
  0x0000020ce32a66a0 GCTaskThread "GC Thread#0" [stack: 0x0000001fed200000,0x0000001fed300000] [id=16016]
  0x0000020cfe3e0c20 GCTaskThread "GC Thread#1" [stack: 0x0000001fee500000,0x0000001fee600000] [id=18416]
  0x0000020cfda8d7a0 GCTaskThread "GC Thread#2" [stack: 0x0000001fee600000,0x0000001fee700000] [id=26300]
  0x0000020cfe2e77f0 GCTaskThread "GC Thread#3" [stack: 0x0000001fee700000,0x0000001fee800000] [id=6296]
  0x0000020ce32b8500 ConcurrentGCThread "G1 Main Marker" [stack: 0x0000001fed300000,0x0000001fed400000] [id=24788]
  0x0000020ce32b8e20 ConcurrentGCThread "G1 Conc#0" [stack: 0x0000001fed400000,0x0000001fed500000] [id=2692]
  0x0000020ce331d700 ConcurrentGCThread "G1 Refine#0" [stack: 0x0000001fed500000,0x0000001fed600000] [id=16120]
  0x0000020c80d15030 ConcurrentGCThread "G1 Refine#1" [stack: 0x0000001feff00000,0x0000001ff0000000] [id=5132]
  0x0000020c8254eb70 ConcurrentGCThread "G1 Refine#2" [stack: 0x0000001ff2c00000,0x0000001ff2d00000] [id=25804]
  0x0000020c8254ee50 ConcurrentGCThread "G1 Refine#3" [stack: 0x0000001ff3500000,0x0000001ff3600000] [id=21636]
  0x0000020cfc710370 ConcurrentGCThread "G1 Service" [stack: 0x0000001fed600000,0x0000001fed700000] [id=23948]

Threads with active compile tasks:
C2 CompilerThread0  2306236 23172       4       org.gradle.api.internal.artifacts.transform.ConsumerProvidedVariantFinder::doFindTransformedVariants (425 bytes)

VM state: not at safepoint (normal execution)

VM Mutex/Monitor currently owned by a thread: None

Heap address: 0x0000000080000000, size: 2048 MB, Compressed Oops mode: 32-bit

CDS archive(s) not mapped
Compressed class space mapped at: 0x0000000100000000-0x0000000140000000, reserved size: 1073741824
Narrow klass base: 0x0000000000000000, Narrow klass shift: 3, Narrow klass range: 0x140000000

GC Precious Log:
 CPUs: 4 total, 4 available
 Memory: 24496M
 Large Page Support: Disabled
 NUMA Support: Disabled
 Compressed Oops: Enabled (32-bit)
 Heap Region Size: 1M
 Heap Min Capacity: 8M
 Heap Initial Capacity: 384M
 Heap Max Capacity: 2G
 Pre-touch: Disabled
 Parallel Workers: 4
 Concurrent Workers: 1
 Concurrent Refinement Workers: 4
 Periodic GC: Disabled

Heap:
 garbage-first heap   total 283648K, used 157348K [0x0000000080000000, 0x0000000100000000)
  region size 1024K, 32 young (32768K), 2 survivors (2048K)
 Metaspace       used 132028K, committed 133504K, reserved 1171456K
  class space    used 17627K, committed 18304K, reserved 1048576K

Heap Regions: E=young(eden), S=young(survivor), O=old, HS=humongous(starts), HC=humongous(continues), CS=collection set, F=free, OA=open archive, CA=closed archive, TAMS=top-at-mark-start (previous, next)
|   0|0x0000000080000000, 0x0000000080100000, 0x0000000080100000|100%|HS|  |TAMS 0x0000000080100000, 0x0000000080000000| Complete 
|   1|0x0000000080100000, 0x0000000080200000, 0x0000000080200000|100%|HC|  |TAMS 0x0000000080200000, 0x0000000080100000| Complete 
|   2|0x0000000080200000, 0x0000000080300000, 0x0000000080300000|100%|HC|  |TAMS 0x0000000080300000, 0x0000000080200000| Complete 
|   3|0x0000000080300000, 0x0000000080400000, 0x0000000080400000|100%|HC|  |TAMS 0x0000000080400000, 0x0000000080300000| Complete 
|   4|0x0000000080400000, 0x0000000080500000, 0x0000000080500000|100%| O|  |TAMS 0x0000000080400000, 0x0000000080400000| Untracked 
|   5|0x0000000080500000, 0x0000000080600000, 0x0000000080600000|100%| O|  |TAMS 0x0000000080600000, 0x0000000080500000| Untracked 
|   6|0x0000000080600000, 0x0000000080700000, 0x0000000080700000|100%| O|  |TAMS 0x0000000080700000, 0x0000000080600000| Untracked 
|   7|0x0000000080700000, 0x0000000080800000, 0x0000000080800000|100%| O|  |TAMS 0x0000000080800000, 0x0000000080700000| Untracked 
|   8|0x0000000080800000, 0x0000000080900000, 0x0000000080900000|100%| O|  |TAMS 0x0000000080900000, 0x0000000080800000| Untracked 
|   9|0x0000000080900000, 0x0000000080a00000, 0x0000000080a00000|100%| O|  |TAMS 0x0000000080a00000, 0x0000000080900000| Untracked 
|  10|0x0000000080a00000, 0x0000000080b00000, 0x0000000080b00000|100%| O|  |TAMS 0x0000000080b00000, 0x0000000080a00000| Untracked 
|  11|0x0000000080b00000, 0x0000000080c00000, 0x0000000080c00000|100%| O|  |TAMS 0x0000000080c00000, 0x0000000080b00000| Untracked 
|  12|0x0000000080c00000, 0x0000000080d00000, 0x0000000080d00000|100%| O|  |TAMS 0x0000000080d00000, 0x0000000080c00000| Untracked 
|  13|0x0000000080d00000, 0x0000000080e00000, 0x0000000080e00000|100%| O|  |TAMS 0x0000000080e00000, 0x0000000080d00000| Untracked 
|  14|0x0000000080e00000, 0x0000000080f00000, 0x0000000080f00000|100%| O|  |TAMS 0x0000000080f00000, 0x0000000080e00000| Untracked 
|  15|0x0000000080f00000, 0x0000000081000000, 0x0000000081000000|100%| O|  |TAMS 0x0000000081000000, 0x0000000080f00000| Untracked 
|  16|0x0000000081000000, 0x0000000081100000, 0x0000000081100000|100%| O|  |TAMS 0x0000000081100000, 0x0000000081000000| Untracked 
|  17|0x0000000081100000, 0x0000000081200000, 0x0000000081200000|100%| O|  |TAMS 0x0000000081200000, 0x0000000081100000| Untracked 
|  18|0x0000000081200000, 0x0000000081300000, 0x0000000081300000|100%| O|  |TAMS 0x0000000081300000, 0x0000000081200000| Untracked 
|  19|0x0000000081300000, 0x0000000081400000, 0x0000000081400000|100%| O|  |TAMS 0x0000000081400000, 0x0000000081300000| Untracked 
|  20|0x0000000081400000, 0x0000000081500000, 0x0000000081500000|100%| O|  |TAMS 0x0000000081500000, 0x0000000081400000| Untracked 
|  21|0x0000000081500000, 0x0000000081600000, 0x0000000081600000|100%| O|  |TAMS 0x0000000081600000, 0x0000000081500000| Untracked 
|  22|0x0000000081600000, 0x0000000081700000, 0x0000000081700000|100%| O|  |TAMS 0x0000000081700000, 0x0000000081600000| Untracked 
|  23|0x0000000081700000, 0x0000000081800000, 0x0000000081800000|100%| O|  |TAMS 0x0000000081800000, 0x0000000081700000| Untracked 
|  24|0x0000000081800000, 0x0000000081900000, 0x0000000081900000|100%| O|  |TAMS 0x0000000081900000, 0x0000000081800000| Untracked 
|  25|0x0000000081900000, 0x0000000081a00000, 0x0000000081a00000|100%| O|  |TAMS 0x0000000081a00000, 0x0000000081900000| Untracked 
|  26|0x0000000081a00000, 0x0000000081b00000, 0x0000000081b00000|100%| O|  |TAMS 0x0000000081b00000, 0x0000000081a00000| Untracked 
|  27|0x0000000081b00000, 0x0000000081c00000, 0x0000000081c00000|100%| O|  |TAMS 0x0000000081b00000, 0x0000000081b00000| Untracked 
|  28|0x0000000081c00000, 0x0000000081d00000, 0x0000000081d00000|100%| O|  |TAMS 0x0000000081d00000, 0x0000000081c00000| Untracked 
|  29|0x0000000081d00000, 0x0000000081e00000, 0x0000000081e00000|100%| O|  |TAMS 0x0000000081e00000, 0x0000000081d00000| Untracked 
|  30|0x0000000081e00000, 0x0000000081f00000, 0x0000000081f00000|100%| O|  |TAMS 0x0000000081f00000, 0x0000000081e00000| Untracked 
|  31|0x0000000081f00000, 0x0000000082000000, 0x0000000082000000|100%| O|  |TAMS 0x0000000082000000, 0x0000000081f00000| Untracked 
|  32|0x0000000082000000, 0x0000000082100000, 0x0000000082100000|100%| O|  |TAMS 0x0000000082000000, 0x0000000082000000| Untracked 
|  33|0x0000000082100000, 0x0000000082200000, 0x0000000082200000|100%| O|  |TAMS 0x0000000082200000, 0x0000000082100000| Untracked 
|  34|0x0000000082200000, 0x0000000082300000, 0x0000000082300000|100%| O|  |TAMS 0x0000000082300000, 0x0000000082200000| Untracked 
|  35|0x0000000082300000, 0x0000000082400000, 0x0000000082400000|100%| O|  |TAMS 0x0000000082400000, 0x0000000082300000| Untracked 
|  36|0x0000000082400000, 0x00000000824a9200, 0x0000000082500000| 66%| O|  |TAMS 0x0000000082400000, 0x0000000082400000| Untracked 
|  37|0x0000000082500000, 0x0000000082600000, 0x0000000082600000|100%| O|  |TAMS 0x0000000082600000, 0x0000000082500000| Untracked 
|  38|0x0000000082600000, 0x0000000082600000, 0x0000000082700000|  0%| F|  |TAMS 0x0000000082600000, 0x0000000082600000| Untracked 
|  39|0x0000000082700000, 0x0000000082700000, 0x0000000082800000|  0%| F|  |TAMS 0x0000000082700000, 0x0000000082700000| Untracked 
|  40|0x0000000082800000, 0x0000000082900000, 0x0000000082900000|100%|HS|  |TAMS 0x0000000082900000, 0x0000000082800000| Complete 
|  41|0x0000000082900000, 0x0000000082a00000, 0x0000000082a00000|100%|HS|  |TAMS 0x0000000082a00000, 0x0000000082900000| Complete 
|  42|0x0000000082a00000, 0x0000000082b00000, 0x0000000082b00000|100%|HC|  |TAMS 0x0000000082b00000, 0x0000000082a00000| Complete 
|  43|0x0000000082b00000, 0x0000000082c00000, 0x0000000082c00000|100%|HS|  |TAMS 0x0000000082c00000, 0x0000000082b00000| Complete 
|  44|0x0000000082c00000, 0x0000000082d00000, 0x0000000082d00000|100%|HS|  |TAMS 0x0000000082d00000, 0x0000000082c00000| Complete 
|  45|0x0000000082d00000, 0x0000000082e00000, 0x0000000082e00000|100%|HC|  |TAMS 0x0000000082e00000, 0x0000000082d00000| Complete 
|  46|0x0000000082e00000, 0x0000000082f00000, 0x0000000082f00000|100%|HC|  |TAMS 0x0000000082f00000, 0x0000000082e00000| Complete 
|  47|0x0000000082f00000, 0x0000000083000000, 0x0000000083000000|100%|HC|  |TAMS 0x0000000083000000, 0x0000000082f00000| Complete 
|  48|0x0000000083000000, 0x0000000083100000, 0x0000000083100000|100%| O|  |TAMS 0x0000000083100000, 0x0000000083000000| Untracked 
|  49|0x0000000083100000, 0x0000000083200000, 0x0000000083200000|100%| O|  |TAMS 0x0000000083200000, 0x0000000083100000| Untracked 
|  50|0x0000000083200000, 0x0000000083300000, 0x0000000083300000|100%| O|  |TAMS 0x0000000083300000, 0x0000000083200000| Untracked 
|  51|0x0000000083300000, 0x0000000083300000, 0x0000000083400000|  0%| F|  |TAMS 0x0000000083300000, 0x0000000083300000| Untracked 
|  52|0x0000000083400000, 0x0000000083500000, 0x0000000083500000|100%| O|  |TAMS 0x0000000083500000, 0x0000000083400000| Untracked 
|  53|0x0000000083500000, 0x0000000083600000, 0x0000000083600000|100%| O|  |TAMS 0x0000000083600000, 0x0000000083500000| Untracked 
|  54|0x0000000083600000, 0x0000000083600000, 0x0000000083700000|  0%| F|  |TAMS 0x0000000083600000, 0x0000000083600000| Untracked 
|  55|0x0000000083700000, 0x0000000083800000, 0x0000000083800000|100%| O|  |TAMS 0x0000000083800000, 0x0000000083700000| Untracked 
|  56|0x0000000083800000, 0x0000000083900000, 0x0000000083900000|100%| O|  |TAMS 0x0000000083900000, 0x0000000083800000| Untracked 
|  57|0x0000000083900000, 0x0000000083a00000, 0x0000000083a00000|100%| O|  |TAMS 0x0000000083a00000, 0x0000000083900000| Untracked 
|  58|0x0000000083a00000, 0x0000000083b00000, 0x0000000083b00000|100%| O|  |TAMS 0x0000000083b00000, 0x0000000083a00000| Untracked 
|  59|0x0000000083b00000, 0x0000000083c00000, 0x0000000083c00000|100%| O|  |TAMS 0x0000000083c00000, 0x0000000083b00000| Untracked 
|  60|0x0000000083c00000, 0x0000000083d00000, 0x0000000083d00000|100%| O|  |TAMS 0x0000000083d00000, 0x0000000083c00000| Untracked 
|  61|0x0000000083d00000, 0x0000000083d00000, 0x0000000083e00000|  0%| F|  |TAMS 0x0000000083d00000, 0x0000000083d00000| Untracked 
|  62|0x0000000083e00000, 0x0000000083e00000, 0x0000000083f00000|  0%| F|  |TAMS 0x0000000083e00000, 0x0000000083e00000| Untracked 
|  63|0x0000000083f00000, 0x0000000084000000, 0x0000000084000000|100%| O|  |TAMS 0x0000000084000000, 0x0000000083f00000| Untracked 
|  64|0x0000000084000000, 0x0000000084100000, 0x0000000084100000|100%| O|  |TAMS 0x0000000084100000, 0x0000000084000000| Untracked 
|  65|0x0000000084100000, 0x0000000084100000, 0x0000000084200000|  0%| F|  |TAMS 0x0000000084100000, 0x0000000084100000| Untracked 
|  66|0x0000000084200000, 0x0000000084200000, 0x0000000084300000|  0%| F|  |TAMS 0x0000000084200000, 0x0000000084200000| Untracked 
|  67|0x0000000084300000, 0x0000000084300000, 0x0000000084400000|  0%| F|  |TAMS 0x0000000084300000, 0x0000000084300000| Untracked 
|  68|0x0000000084400000, 0x0000000084400000, 0x0000000084500000|  0%| F|  |TAMS 0x0000000084400000, 0x0000000084400000| Untracked 
|  69|0x0000000084500000, 0x0000000084600000, 0x0000000084600000|100%| O|  |TAMS 0x0000000084600000, 0x0000000084500000| Untracked 
|  70|0x0000000084600000, 0x0000000084700000, 0x0000000084700000|100%| O|  |TAMS 0x0000000084700000, 0x0000000084600000| Untracked 
|  71|0x0000000084700000, 0x0000000084800000, 0x0000000084800000|100%| O|  |TAMS 0x0000000084800000, 0x0000000084700000| Untracked 
|  72|0x0000000084800000, 0x0000000084900000, 0x0000000084900000|100%| O|  |TAMS 0x0000000084900000, 0x0000000084800000| Untracked 
|  73|0x0000000084900000, 0x0000000084a00000, 0x0000000084a00000|100%| O|  |TAMS 0x0000000084a00000, 0x0000000084900000| Untracked 
|  74|0x0000000084a00000, 0x0000000084a00000, 0x0000000084b00000|  0%| F|  |TAMS 0x0000000084a00000, 0x0000000084a00000| Untracked 
|  75|0x0000000084b00000, 0x0000000084c00000, 0x0000000084c00000|100%| O|  |TAMS 0x0000000084c00000, 0x0000000084b00000| Untracked 
|  76|0x0000000084c00000, 0x0000000084d00000, 0x0000000084d00000|100%| O|  |TAMS 0x0000000084d00000, 0x0000000084c00000| Untracked 
|  77|0x0000000084d00000, 0x0000000084e00000, 0x0000000084e00000|100%| O|  |TAMS 0x0000000084e00000, 0x0000000084d00000| Untracked 
|  78|0x0000000084e00000, 0x0000000084e00000, 0x0000000084f00000|  0%| F|  |TAMS 0x0000000084e00000, 0x0000000084e00000| Untracked 
|  79|0x0000000084f00000, 0x0000000085000000, 0x0000000085000000|100%| O|  |TAMS 0x0000000085000000, 0x0000000084f00000| Untracked 
|  80|0x0000000085000000, 0x0000000085100000, 0x0000000085100000|100%| O|  |TAMS 0x0000000085100000, 0x0000000085000000| Untracked 
|  81|0x0000000085100000, 0x0000000085200000, 0x0000000085200000|100%| O|  |TAMS 0x0000000085200000, 0x0000000085100000| Untracked 
|  82|0x0000000085200000, 0x0000000085200000, 0x0000000085300000|  0%| F|  |TAMS 0x0000000085200000, 0x0000000085200000| Untracked 
|  83|0x0000000085300000, 0x0000000085400000, 0x0000000085400000|100%| O|  |TAMS 0x0000000085400000, 0x0000000085300000| Untracked 
|  84|0x0000000085400000, 0x0000000085500000, 0x0000000085500000|100%| O|  |TAMS 0x0000000085500000, 0x0000000085400000| Untracked 
|  85|0x0000000085500000, 0x0000000085600000, 0x0000000085600000|100%| O|  |TAMS 0x0000000085600000, 0x0000000085500000| Untracked 
|  86|0x0000000085600000, 0x0000000085600000, 0x0000000085700000|  0%| F|  |TAMS 0x0000000085600000, 0x0000000085600000| Untracked 
|  87|0x0000000085700000, 0x0000000085700000, 0x0000000085800000|  0%| F|  |TAMS 0x0000000085700000, 0x0000000085700000| Untracked 
|  88|0x0000000085800000, 0x0000000085900000, 0x0000000085900000|100%| O|  |TAMS 0x0000000085900000, 0x0000000085800000| Untracked 
|  89|0x0000000085900000, 0x0000000085900000, 0x0000000085a00000|  0%| F|  |TAMS 0x0000000085900000, 0x0000000085900000| Untracked 
|  90|0x0000000085a00000, 0x0000000085b00000, 0x0000000085b00000|100%| O|  |TAMS 0x0000000085b00000, 0x0000000085a00000| Untracked 
|  91|0x0000000085b00000, 0x0000000085c00000, 0x0000000085c00000|100%| O|  |TAMS 0x0000000085c00000, 0x0000000085b00000| Untracked 
|  92|0x0000000085c00000, 0x0000000085d00000, 0x0000000085d00000|100%| O|  |TAMS 0x0000000085d00000, 0x0000000085c00000| Untracked 
|  93|0x0000000085d00000, 0x0000000085e00000, 0x0000000085e00000|100%| O|  |TAMS 0x0000000085e00000, 0x0000000085d00000| Untracked 
|  94|0x0000000085e00000, 0x0000000085f00000, 0x0000000085f00000|100%| O|  |TAMS 0x0000000085f00000, 0x0000000085e00000| Untracked 
|  95|0x0000000085f00000, 0x0000000086000000, 0x0000000086000000|100%| O|  |TAMS 0x0000000086000000, 0x0000000085f00000| Untracked 
|  96|0x0000000086000000, 0x0000000086100000, 0x0000000086100000|100%| O|  |TAMS 0x0000000086100000, 0x0000000086000000| Untracked 
|  97|0x0000000086100000, 0x0000000086100000, 0x0000000086200000|  0%| F|  |TAMS 0x0000000086100000, 0x0000000086100000| Untracked 
|  98|0x0000000086200000, 0x0000000086200000, 0x0000000086300000|  0%| F|  |TAMS 0x0000000086200000, 0x0000000086200000| Untracked 
|  99|0x0000000086300000, 0x0000000086400000, 0x0000000086400000|100%| O|  |TAMS 0x0000000086400000, 0x0000000086300000| Untracked 
| 100|0x0000000086400000, 0x0000000086500000, 0x0000000086500000|100%| O|  |TAMS 0x0000000086500000, 0x0000000086400000| Untracked 
| 101|0x0000000086500000, 0x0000000086600000, 0x0000000086600000|100%| O|  |TAMS 0x0000000086600000, 0x0000000086500000| Untracked 
| 102|0x0000000086600000, 0x0000000086700000, 0x0000000086700000|100%| O|  |TAMS 0x0000000086700000, 0x0000000086600000| Untracked 
| 103|0x0000000086700000, 0x0000000086800000, 0x0000000086800000|100%| O|  |TAMS 0x0000000086800000, 0x0000000086700000| Untracked 
| 104|0x0000000086800000, 0x0000000086900000, 0x0000000086900000|100%| O|  |TAMS 0x0000000086900000, 0x0000000086800000| Untracked 
| 105|0x0000000086900000, 0x0000000086a00000, 0x0000000086a00000|100%| O|  |TAMS 0x0000000086a00000, 0x0000000086900000| Untracked 
| 106|0x0000000086a00000, 0x0000000086a00000, 0x0000000086b00000|  0%| F|  |TAMS 0x0000000086a00000, 0x0000000086a00000| Untracked 
| 107|0x0000000086b00000, 0x0000000086b00000, 0x0000000086c00000|  0%| F|  |TAMS 0x0000000086b00000, 0x0000000086b00000| Untracked 
| 108|0x0000000086c00000, 0x0000000086c00000, 0x0000000086d00000|  0%| F|  |TAMS 0x0000000086c00000, 0x0000000086c00000| Untracked 
| 109|0x0000000086d00000, 0x0000000086d00000, 0x0000000086e00000|  0%| F|  |TAMS 0x0000000086d00000, 0x0000000086d00000| Untracked 
| 110|0x0000000086e00000, 0x0000000086e00000, 0x0000000086f00000|  0%| F|  |TAMS 0x0000000086e00000, 0x0000000086e00000| Untracked 
| 111|0x0000000086f00000, 0x0000000086f00000, 0x0000000087000000|  0%| F|  |TAMS 0x0000000086f00000, 0x0000000086f00000| Untracked 
| 112|0x0000000087000000, 0x0000000087100000, 0x0000000087100000|100%| O|  |TAMS 0x0000000087100000, 0x0000000087000000| Untracked 
| 113|0x0000000087100000, 0x0000000087200000, 0x0000000087200000|100%| O|  |TAMS 0x0000000087200000, 0x0000000087100000| Untracked 
| 114|0x0000000087200000, 0x0000000087300000, 0x0000000087300000|100%| O|  |TAMS 0x0000000087300000, 0x0000000087200000| Untracked 
| 115|0x0000000087300000, 0x0000000087400000, 0x0000000087400000|100%| O|  |TAMS 0x0000000087400000, 0x0000000087300000| Untracked 
| 116|0x0000000087400000, 0x0000000087500000, 0x0000000087500000|100%| O|  |TAMS 0x0000000087500000, 0x0000000087400000| Untracked 
| 117|0x0000000087500000, 0x0000000087600000, 0x0000000087600000|100%| O|  |TAMS 0x0000000087600000, 0x0000000087500000| Untracked 
| 118|0x0000000087600000, 0x0000000087700000, 0x0000000087700000|100%| O|  |TAMS 0x0000000087700000, 0x0000000087600000| Untracked 
| 119|0x0000000087700000, 0x0000000087800000, 0x0000000087800000|100%| O|  |TAMS 0x0000000087800000, 0x0000000087700000| Untracked 
| 120|0x0000000087800000, 0x0000000087900000, 0x0000000087900000|100%| O|  |TAMS 0x0000000087900000, 0x0000000087800000| Untracked 
| 121|0x0000000087900000, 0x0000000087a00000, 0x0000000087a00000|100%| O|  |TAMS 0x0000000087a00000, 0x0000000087900000| Untracked 
| 122|0x0000000087a00000, 0x0000000087b00000, 0x0000000087b00000|100%| O|  |TAMS 0x0000000087b00000, 0x0000000087a00000| Untracked 
| 123|0x0000000087b00000, 0x0000000087c00000, 0x0000000087c00000|100%| O|  |TAMS 0x0000000087c00000, 0x0000000087b00000| Untracked 
| 124|0x0000000087c00000, 0x0000000087d00000, 0x0000000087d00000|100%| O|  |TAMS 0x0000000087d00000, 0x0000000087c00000| Untracked 
| 125|0x0000000087d00000, 0x0000000087e00000, 0x0000000087e00000|100%| O|  |TAMS 0x0000000087e00000, 0x0000000087d00000| Untracked 
| 126|0x0000000087e00000, 0x0000000087f00000, 0x0000000087f00000|100%| O|  |TAMS 0x0000000087f00000, 0x0000000087e00000| Untracked 
| 127|0x0000000087f00000, 0x0000000087f00000, 0x0000000088000000|  0%| F|  |TAMS 0x0000000087f00000, 0x0000000087f00000| Untracked 
| 128|0x0000000088000000, 0x0000000088100000, 0x0000000088100000|100%| O|  |TAMS 0x0000000088100000, 0x0000000088000000| Untracked 
| 129|0x0000000088100000, 0x0000000088200000, 0x0000000088200000|100%| O|  |TAMS 0x0000000088200000, 0x0000000088100000| Untracked 
| 130|0x0000000088200000, 0x0000000088300000, 0x0000000088300000|100%| O|  |TAMS 0x0000000088300000, 0x0000000088200000| Untracked 
| 131|0x0000000088300000, 0x0000000088400000, 0x0000000088400000|100%| O|  |TAMS 0x0000000088400000, 0x0000000088300000| Untracked 
| 132|0x0000000088400000, 0x0000000088500000, 0x0000000088500000|100%| O|  |TAMS 0x0000000088500000, 0x0000000088400000| Untracked 
| 133|0x0000000088500000, 0x0000000088600000, 0x0000000088600000|100%| O|  |TAMS 0x0000000088600000, 0x0000000088500000| Untracked 
| 134|0x0000000088600000, 0x0000000088700000, 0x0000000088700000|100%| O|  |TAMS 0x0000000088700000, 0x0000000088600000| Untracked 
| 135|0x0000000088700000, 0x0000000088800000, 0x0000000088800000|100%| O|  |TAMS 0x0000000088800000, 0x0000000088700000| Untracked 
| 136|0x0000000088800000, 0x0000000088900000, 0x0000000088900000|100%| O|  |TAMS 0x0000000088900000, 0x0000000088800000| Untracked 
| 137|0x0000000088900000, 0x0000000088900000, 0x0000000088a00000|  0%| F|  |TAMS 0x0000000088900000, 0x0000000088900000| Untracked 
| 138|0x0000000088a00000, 0x0000000088a00000, 0x0000000088b00000|  0%| F|  |TAMS 0x0000000088a00000, 0x0000000088a00000| Untracked 
| 139|0x0000000088b00000, 0x0000000088b00000, 0x0000000088c00000|  0%| F|  |TAMS 0x0000000088b00000, 0x0000000088b00000| Untracked 
| 140|0x0000000088c00000, 0x0000000088d00000, 0x0000000088d00000|100%| O|  |TAMS 0x0000000088d00000, 0x0000000088c00000| Untracked 
| 141|0x0000000088d00000, 0x0000000088e00000, 0x0000000088e00000|100%| O|  |TAMS 0x0000000088e00000, 0x0000000088d00000| Untracked 
| 142|0x0000000088e00000, 0x0000000088e00000, 0x0000000088f00000|  0%| F|  |TAMS 0x0000000088e00000, 0x0000000088e00000| Untracked 
| 143|0x0000000088f00000, 0x0000000088f00000, 0x0000000089000000|  0%| F|  |TAMS 0x0000000088f00000, 0x0000000088f00000| Untracked 
| 144|0x0000000089000000, 0x0000000089000000, 0x0000000089100000|  0%| F|  |TAMS 0x0000000089000000, 0x0000000089000000| Untracked 
| 145|0x0000000089100000, 0x0000000089200000, 0x0000000089200000|100%| O|  |TAMS 0x0000000089200000, 0x0000000089100000| Untracked 
| 146|0x0000000089200000, 0x0000000089200000, 0x0000000089300000|  0%| F|  |TAMS 0x0000000089200000, 0x0000000089200000| Untracked 
| 147|0x0000000089300000, 0x0000000089400000, 0x0000000089400000|100%| O|  |TAMS 0x0000000089400000, 0x0000000089300000| Untracked 
| 148|0x0000000089400000, 0x0000000089500000, 0x0000000089500000|100%| O|  |TAMS 0x0000000089500000, 0x0000000089400000| Untracked 
| 149|0x0000000089500000, 0x0000000089600000, 0x0000000089600000|100%| O|  |TAMS 0x0000000089600000, 0x0000000089500000| Untracked 
| 150|0x0000000089600000, 0x0000000089700000, 0x0000000089700000|100%| O|  |TAMS 0x0000000089700000, 0x0000000089600000| Untracked 
| 151|0x0000000089700000, 0x0000000089800000, 0x0000000089800000|100%| O|  |TAMS 0x0000000089800000, 0x0000000089700000| Untracked 
| 152|0x0000000089800000, 0x0000000089900000, 0x0000000089900000|100%| O|  |TAMS 0x000000008985f008, 0x0000000089800000| Untracked 
| 153|0x0000000089900000, 0x0000000089900000, 0x0000000089a00000|  0%| F|  |TAMS 0x0000000089900000, 0x0000000089900000| Untracked 
| 154|0x0000000089a00000, 0x0000000089a00000, 0x0000000089b00000|  0%| F|  |TAMS 0x0000000089a00000, 0x0000000089a00000| Untracked 
| 155|0x0000000089b00000, 0x0000000089b00000, 0x0000000089c00000|  0%| F|  |TAMS 0x0000000089b00000, 0x0000000089b00000| Untracked 
| 156|0x0000000089c00000, 0x0000000089c00000, 0x0000000089d00000|  0%| F|  |TAMS 0x0000000089c00000, 0x0000000089c00000| Untracked 
| 157|0x0000000089d00000, 0x0000000089d00000, 0x0000000089e00000|  0%| F|  |TAMS 0x0000000089d00000, 0x0000000089d00000| Untracked 
| 158|0x0000000089e00000, 0x0000000089e00000, 0x0000000089f00000|  0%| F|  |TAMS 0x0000000089e00000, 0x0000000089e00000| Untracked 
| 159|0x0000000089f00000, 0x0000000089f00000, 0x000000008a000000|  0%| F|  |TAMS 0x0000000089f00000, 0x0000000089f00000| Untracked 
| 160|0x000000008a000000, 0x000000008a000000, 0x000000008a100000|  0%| F|  |TAMS 0x000000008a000000, 0x000000008a000000| Untracked 
| 161|0x000000008a100000, 0x000000008a100000, 0x000000008a200000|  0%| F|  |TAMS 0x000000008a100000, 0x000000008a100000| Untracked 
| 162|0x000000008a200000, 0x000000008a200000, 0x000000008a300000|  0%| F|  |TAMS 0x000000008a200000, 0x000000008a200000| Untracked 
| 163|0x000000008a300000, 0x000000008a300000, 0x000000008a400000|  0%| F|  |TAMS 0x000000008a300000, 0x000000008a300000| Untracked 
| 164|0x000000008a400000, 0x000000008a400000, 0x000000008a500000|  0%| F|  |TAMS 0x000000008a400000, 0x000000008a400000| Untracked 
| 165|0x000000008a500000, 0x000000008a500000, 0x000000008a600000|  0%| F|  |TAMS 0x000000008a500000, 0x000000008a500000| Untracked 
| 166|0x000000008a600000, 0x000000008a600000, 0x000000008a700000|  0%| F|  |TAMS 0x000000008a600000, 0x000000008a600000| Untracked 
| 167|0x000000008a700000, 0x000000008a700000, 0x000000008a800000|  0%| F|  |TAMS 0x000000008a700000, 0x000000008a700000| Untracked 
| 168|0x000000008a800000, 0x000000008a800000, 0x000000008a900000|  0%| F|  |TAMS 0x000000008a800000, 0x000000008a800000| Untracked 
| 169|0x000000008a900000, 0x000000008a900000, 0x000000008aa00000|  0%| F|  |TAMS 0x000000008a900000, 0x000000008a900000| Untracked 
| 170|0x000000008aa00000, 0x000000008aa00000, 0x000000008ab00000|  0%| F|  |TAMS 0x000000008aa00000, 0x000000008aa00000| Untracked 
| 171|0x000000008ab00000, 0x000000008ab00000, 0x000000008ac00000|  0%| F|  |TAMS 0x000000008ab00000, 0x000000008ab00000| Untracked 
| 172|0x000000008ac00000, 0x000000008ac00000, 0x000000008ad00000|  0%| F|  |TAMS 0x000000008ac00000, 0x000000008ac00000| Untracked 
| 173|0x000000008ad00000, 0x000000008ad00000, 0x000000008ae00000|  0%| F|  |TAMS 0x000000008ad00000, 0x000000008ad00000| Untracked 
| 174|0x000000008ae00000, 0x000000008ae00000, 0x000000008af00000|  0%| F|  |TAMS 0x000000008ae00000, 0x000000008ae00000| Untracked 
| 175|0x000000008af00000, 0x000000008af00000, 0x000000008b000000|  0%| F|  |TAMS 0x000000008af00000, 0x000000008af00000| Untracked 
| 176|0x000000008b000000, 0x000000008b000000, 0x000000008b100000|  0%| F|  |TAMS 0x000000008b000000, 0x000000008b000000| Untracked 
| 177|0x000000008b100000, 0x000000008b100000, 0x000000008b200000|  0%| F|  |TAMS 0x000000008b100000, 0x000000008b100000| Untracked 
| 178|0x000000008b200000, 0x000000008b200000, 0x000000008b300000|  0%| F|  |TAMS 0x000000008b200000, 0x000000008b200000| Untracked 
| 179|0x000000008b300000, 0x000000008b300000, 0x000000008b400000|  0%| F|  |TAMS 0x000000008b300000, 0x000000008b300000| Untracked 
| 180|0x000000008b400000, 0x000000008b400000, 0x000000008b500000|  0%| F|  |TAMS 0x000000008b400000, 0x000000008b400000| Untracked 
| 181|0x000000008b500000, 0x000000008b500000, 0x000000008b600000|  0%| F|  |TAMS 0x000000008b500000, 0x000000008b500000| Untracked 
| 182|0x000000008b600000, 0x000000008b600000, 0x000000008b700000|  0%| F|  |TAMS 0x000000008b600000, 0x000000008b600000| Untracked 
| 183|0x000000008b700000, 0x000000008b700000, 0x000000008b800000|  0%| F|  |TAMS 0x000000008b700000, 0x000000008b700000| Untracked 
| 184|0x000000008b800000, 0x000000008b800000, 0x000000008b900000|  0%| F|  |TAMS 0x000000008b800000, 0x000000008b800000| Untracked 
| 185|0x000000008b900000, 0x000000008b900000, 0x000000008ba00000|  0%| F|  |TAMS 0x000000008b900000, 0x000000008b900000| Untracked 
| 186|0x000000008ba00000, 0x000000008ba00000, 0x000000008bb00000|  0%| F|  |TAMS 0x000000008ba00000, 0x000000008ba00000| Untracked 
| 187|0x000000008bb00000, 0x000000008bb00000, 0x000000008bc00000|  0%| F|  |TAMS 0x000000008bb00000, 0x000000008bb00000| Untracked 
| 188|0x000000008bc00000, 0x000000008bc00000, 0x000000008bd00000|  0%| F|  |TAMS 0x000000008bc00000, 0x000000008bc00000| Untracked 
| 189|0x000000008bd00000, 0x000000008bd00000, 0x000000008be00000|  0%| F|  |TAMS 0x000000008bd00000, 0x000000008bd00000| Untracked 
| 190|0x000000008be00000, 0x000000008be00000, 0x000000008bf00000|  0%| F|  |TAMS 0x000000008be00000, 0x000000008be00000| Untracked 
| 191|0x000000008bf00000, 0x000000008bf00000, 0x000000008c000000|  0%| F|  |TAMS 0x000000008bf00000, 0x000000008bf00000| Untracked 
| 192|0x000000008c000000, 0x000000008c000000, 0x000000008c100000|  0%| F|  |TAMS 0x000000008c000000, 0x000000008c000000| Untracked 
| 193|0x000000008c100000, 0x000000008c100000, 0x000000008c200000|  0%| F|  |TAMS 0x000000008c100000, 0x000000008c100000| Untracked 
| 194|0x000000008c200000, 0x000000008c200000, 0x000000008c300000|  0%| F|  |TAMS 0x000000008c200000, 0x000000008c200000| Untracked 
| 195|0x000000008c300000, 0x000000008c300000, 0x000000008c400000|  0%| F|  |TAMS 0x000000008c300000, 0x000000008c300000| Untracked 
| 196|0x000000008c400000, 0x000000008c400000, 0x000000008c500000|  0%| F|  |TAMS 0x000000008c400000, 0x000000008c400000| Untracked 
| 197|0x000000008c500000, 0x000000008c500000, 0x000000008c600000|  0%| F|  |TAMS 0x000000008c500000, 0x000000008c500000| Untracked 
| 198|0x000000008c600000, 0x000000008c600000, 0x000000008c700000|  0%| F|  |TAMS 0x000000008c600000, 0x000000008c600000| Untracked 
| 199|0x000000008c700000, 0x000000008c700000, 0x000000008c800000|  0%| F|  |TAMS 0x000000008c700000, 0x000000008c700000| Untracked 
| 200|0x000000008c800000, 0x000000008c800000, 0x000000008c900000|  0%| F|  |TAMS 0x000000008c800000, 0x000000008c800000| Untracked 
| 201|0x000000008c900000, 0x000000008c900000, 0x000000008ca00000|  0%| F|  |TAMS 0x000000008c900000, 0x000000008c900000| Untracked 
| 202|0x000000008ca00000, 0x000000008ca00000, 0x000000008cb00000|  0%| F|  |TAMS 0x000000008ca00000, 0x000000008ca00000| Untracked 
| 203|0x000000008cb00000, 0x000000008cb00000, 0x000000008cc00000|  0%| F|  |TAMS 0x000000008cb00000, 0x000000008cb00000| Untracked 
| 204|0x000000008cc00000, 0x000000008cc00000, 0x000000008cd00000|  0%| F|  |TAMS 0x000000008cc00000, 0x000000008cc00000| Untracked 
| 205|0x000000008cd00000, 0x000000008cd00000, 0x000000008ce00000|  0%| F|  |TAMS 0x000000008cd00000, 0x000000008cd00000| Untracked 
| 206|0x000000008ce00000, 0x000000008ce00000, 0x000000008cf00000|  0%| F|  |TAMS 0x000000008ce00000, 0x000000008ce00000| Untracked 
| 207|0x000000008cf00000, 0x000000008cf00000, 0x000000008d000000|  0%| F|  |TAMS 0x000000008cf00000, 0x000000008cf00000| Untracked 
| 208|0x000000008d000000, 0x000000008d000000, 0x000000008d100000|  0%| F|  |TAMS 0x000000008d000000, 0x000000008d000000| Untracked 
| 209|0x000000008d100000, 0x000000008d100000, 0x000000008d200000|  0%| F|  |TAMS 0x000000008d100000, 0x000000008d100000| Untracked 
| 210|0x000000008d200000, 0x000000008d200000, 0x000000008d300000|  0%| F|  |TAMS 0x000000008d200000, 0x000000008d200000| Untracked 
| 211|0x000000008d300000, 0x000000008d300000, 0x000000008d400000|  0%| F|  |TAMS 0x000000008d300000, 0x000000008d300000| Untracked 
| 212|0x000000008d400000, 0x000000008d400000, 0x000000008d500000|  0%| F|  |TAMS 0x000000008d400000, 0x000000008d400000| Untracked 
| 213|0x000000008d500000, 0x000000008d500000, 0x000000008d600000|  0%| F|  |TAMS 0x000000008d500000, 0x000000008d500000| Untracked 
| 214|0x000000008d600000, 0x000000008d600000, 0x000000008d700000|  0%| F|  |TAMS 0x000000008d600000, 0x000000008d600000| Untracked 
| 215|0x000000008d700000, 0x000000008d700000, 0x000000008d800000|  0%| F|  |TAMS 0x000000008d700000, 0x000000008d700000| Untracked 
| 216|0x000000008d800000, 0x000000008d800000, 0x000000008d900000|  0%| F|  |TAMS 0x000000008d800000, 0x000000008d800000| Untracked 
| 217|0x000000008d900000, 0x000000008d900000, 0x000000008da00000|  0%| F|  |TAMS 0x000000008d900000, 0x000000008d900000| Untracked 
| 218|0x000000008da00000, 0x000000008da00000, 0x000000008db00000|  0%| F|  |TAMS 0x000000008da00000, 0x000000008da00000| Untracked 
| 219|0x000000008db00000, 0x000000008db00000, 0x000000008dc00000|  0%| F|  |TAMS 0x000000008db00000, 0x000000008db00000| Untracked 
| 220|0x000000008dc00000, 0x000000008dc00000, 0x000000008dd00000|  0%| F|  |TAMS 0x000000008dc00000, 0x000000008dc00000| Untracked 
| 221|0x000000008dd00000, 0x000000008dd00000, 0x000000008de00000|  0%| F|  |TAMS 0x000000008dd00000, 0x000000008dd00000| Untracked 
| 222|0x000000008de00000, 0x000000008de00000, 0x000000008df00000|  0%| F|  |TAMS 0x000000008de00000, 0x000000008de00000| Untracked 
| 223|0x000000008df00000, 0x000000008df00000, 0x000000008e000000|  0%| F|  |TAMS 0x000000008df00000, 0x000000008df00000| Untracked 
| 224|0x000000008e000000, 0x000000008e000000, 0x000000008e100000|  0%| F|  |TAMS 0x000000008e000000, 0x000000008e000000| Untracked 
| 225|0x000000008e100000, 0x000000008e100000, 0x000000008e200000|  0%| F|  |TAMS 0x000000008e100000, 0x000000008e100000| Untracked 
| 226|0x000000008e200000, 0x000000008e200000, 0x000000008e300000|  0%| F|  |TAMS 0x000000008e200000, 0x000000008e200000| Untracked 
| 227|0x000000008e300000, 0x000000008e300000, 0x000000008e400000|  0%| F|  |TAMS 0x000000008e300000, 0x000000008e300000| Untracked 
| 228|0x000000008e400000, 0x000000008e400000, 0x000000008e500000|  0%| F|  |TAMS 0x000000008e400000, 0x000000008e400000| Untracked 
| 229|0x000000008e500000, 0x000000008e500000, 0x000000008e600000|  0%| F|  |TAMS 0x000000008e500000, 0x000000008e500000| Untracked 
| 230|0x000000008e600000, 0x000000008e600000, 0x000000008e700000|  0%| F|  |TAMS 0x000000008e600000, 0x000000008e600000| Untracked 
| 231|0x000000008e700000, 0x000000008e700000, 0x000000008e800000|  0%| F|  |TAMS 0x000000008e700000, 0x000000008e700000| Untracked 
| 232|0x000000008e800000, 0x000000008e800000, 0x000000008e900000|  0%| F|  |TAMS 0x000000008e800000, 0x000000008e800000| Untracked 
| 233|0x000000008e900000, 0x000000008e900000, 0x000000008ea00000|  0%| F|  |TAMS 0x000000008e900000, 0x000000008e900000| Untracked 
| 234|0x000000008ea00000, 0x000000008ea00000, 0x000000008eb00000|  0%| F|  |TAMS 0x000000008ea00000, 0x000000008ea00000| Untracked 
| 235|0x000000008eb00000, 0x000000008eb00000, 0x000000008ec00000|  0%| F|  |TAMS 0x000000008eb00000, 0x000000008eb00000| Untracked 
| 236|0x000000008ec00000, 0x000000008ec00000, 0x000000008ed00000|  0%| F|  |TAMS 0x000000008ec00000, 0x000000008ec00000| Untracked 
| 237|0x000000008ed00000, 0x000000008ed00000, 0x000000008ee00000|  0%| F|  |TAMS 0x000000008ed00000, 0x000000008ed00000| Untracked 
| 238|0x000000008ee00000, 0x000000008ee00000, 0x000000008ef00000|  0%| F|  |TAMS 0x000000008ee00000, 0x000000008ee00000| Untracked 
| 239|0x000000008ef00000, 0x000000008ef00000, 0x000000008f000000|  0%| F|  |TAMS 0x000000008ef00000, 0x000000008ef00000| Untracked 
| 240|0x000000008f000000, 0x000000008f000000, 0x000000008f100000|  0%| F|  |TAMS 0x000000008f000000, 0x000000008f000000| Untracked 
| 241|0x000000008f100000, 0x000000008f100000, 0x000000008f200000|  0%| F|  |TAMS 0x000000008f100000, 0x000000008f100000| Untracked 
| 242|0x000000008f200000, 0x000000008f200000, 0x000000008f300000|  0%| F|  |TAMS 0x000000008f200000, 0x000000008f200000| Untracked 
| 243|0x000000008f300000, 0x000000008f348e80, 0x000000008f400000| 28%| E|  |TAMS 0x000000008f300000, 0x000000008f300000| Complete 
| 244|0x000000008f400000, 0x000000008f500000, 0x000000008f500000|100%| E|CS|TAMS 0x000000008f400000, 0x000000008f400000| Complete 
| 245|0x000000008f500000, 0x000000008f600000, 0x000000008f600000|100%| E|CS|TAMS 0x000000008f500000, 0x000000008f500000| Complete 
| 246|0x000000008f600000, 0x000000008f700000, 0x000000008f700000|100%| E|CS|TAMS 0x000000008f600000, 0x000000008f600000| Complete 
| 247|0x000000008f700000, 0x000000008f800000, 0x000000008f800000|100%| E|CS|TAMS 0x000000008f700000, 0x000000008f700000| Complete 
| 248|0x000000008f800000, 0x000000008f900000, 0x000000008f900000|100%| E|CS|TAMS 0x000000008f800000, 0x000000008f800000| Complete 
| 249|0x000000008f900000, 0x000000008fa00000, 0x000000008fa00000|100%| E|CS|TAMS 0x000000008f900000, 0x000000008f900000| Complete 
| 250|0x000000008fa00000, 0x000000008fb00000, 0x000000008fb00000|100%| E|CS|TAMS 0x000000008fa00000, 0x000000008fa00000| Complete 
| 251|0x000000008fb00000, 0x000000008fc00000, 0x000000008fc00000|100%| E|CS|TAMS 0x000000008fb00000, 0x000000008fb00000| Complete 
| 252|0x000000008fc00000, 0x000000008fd00000, 0x000000008fd00000|100%| E|CS|TAMS 0x000000008fc00000, 0x000000008fc00000| Complete 
| 253|0x000000008fd00000, 0x000000008fe00000, 0x000000008fe00000|100%| E|CS|TAMS 0x000000008fd00000, 0x000000008fd00000| Complete 
| 254|0x000000008fe00000, 0x000000008ff00000, 0x000000008ff00000|100%| E|CS|TAMS 0x000000008fe00000, 0x000000008fe00000| Complete 
| 255|0x000000008ff00000, 0x0000000090000000, 0x0000000090000000|100%| E|CS|TAMS 0x000000008ff00000, 0x000000008ff00000| Complete 
| 256|0x0000000090000000, 0x0000000090100000, 0x0000000090100000|100%| E|CS|TAMS 0x0000000090000000, 0x0000000090000000| Complete 
| 257|0x0000000090100000, 0x0000000090200000, 0x0000000090200000|100%| E|CS|TAMS 0x0000000090100000, 0x0000000090100000| Complete 
| 258|0x0000000090200000, 0x0000000090300000, 0x0000000090300000|100%| E|CS|TAMS 0x0000000090200000, 0x0000000090200000| Complete 
| 259|0x0000000090300000, 0x0000000090400000, 0x0000000090400000|100%| E|CS|TAMS 0x0000000090300000, 0x0000000090300000| Complete 
| 260|0x0000000090400000, 0x0000000090500000, 0x0000000090500000|100%| E|CS|TAMS 0x0000000090400000, 0x0000000090400000| Complete 
| 261|0x0000000090500000, 0x0000000090600000, 0x0000000090600000|100%| E|CS|TAMS 0x0000000090500000, 0x0000000090500000| Complete 
| 262|0x0000000090600000, 0x0000000090700000, 0x0000000090700000|100%| E|CS|TAMS 0x0000000090600000, 0x0000000090600000| Complete 
| 263|0x0000000090700000, 0x0000000090800000, 0x0000000090800000|100%| S|CS|TAMS 0x0000000090700000, 0x0000000090700000| Complete 
| 264|0x0000000090800000, 0x0000000090900000, 0x0000000090900000|100%| S|CS|TAMS 0x0000000090800000, 0x0000000090800000| Complete 
| 265|0x0000000090900000, 0x0000000090a00000, 0x0000000090a00000|100%| E|CS|TAMS 0x0000000090900000, 0x0000000090900000| Complete 
| 266|0x0000000090a00000, 0x0000000090b00000, 0x0000000090b00000|100%| E|CS|TAMS 0x0000000090a00000, 0x0000000090a00000| Complete 
| 348|0x0000000095c00000, 0x0000000095d00000, 0x0000000095d00000|100%| E|CS|TAMS 0x0000000095c00000, 0x0000000095c00000| Complete 
| 349|0x0000000095d00000, 0x0000000095e00000, 0x0000000095e00000|100%| E|CS|TAMS 0x0000000095d00000, 0x0000000095d00000| Complete 
| 350|0x0000000095e00000, 0x0000000095f00000, 0x0000000095f00000|100%| E|CS|TAMS 0x0000000095e00000, 0x0000000095e00000| Complete 
| 355|0x0000000096300000, 0x0000000096400000, 0x0000000096400000|100%| E|CS|TAMS 0x0000000096300000, 0x0000000096300000| Complete 
| 356|0x0000000096400000, 0x0000000096500000, 0x0000000096500000|100%| E|CS|TAMS 0x0000000096400000, 0x0000000096400000| Complete 
| 357|0x0000000096500000, 0x0000000096600000, 0x0000000096600000|100%| E|CS|TAMS 0x0000000096500000, 0x0000000096500000| Complete 
| 358|0x0000000096600000, 0x0000000096700000, 0x0000000096700000|100%| E|CS|TAMS 0x0000000096600000, 0x0000000096600000| Complete 
| 383|0x0000000097f00000, 0x0000000098000000, 0x0000000098000000|100%| E|CS|TAMS 0x0000000097f00000, 0x0000000097f00000| Complete 
|2046|0x00000000ffe00000, 0x00000000fff00000, 0x00000000fff00000|100%| O|  |TAMS 0x00000000fff00000, 0x00000000ffe00000| Untracked 
|2047|0x00000000fff00000, 0x0000000100000000, 0x0000000100000000|100%| O|  |TAMS 0x0000000100000000, 0x00000000fff00000| Untracked 

Card table byte_map: [0x0000020cf5b20000,0x0000020cf5f20000] _byte_map_base: 0x0000020cf5720000

Marking Bits (Prev, Next): (CMBitMap*) 0x0000020ce32a7bd0, (CMBitMap*) 0x0000020ce32a7c10
 Prev Bits: [0x0000020cf6320000, 0x0000020cf8320000)
 Next Bits: [0x0000020cf8320000, 0x0000020cfa320000)

Polling page: 0x0000020ce1060000

Metaspace:

Usage:
  Non-class:    111.72 MB used.
      Class:     17.21 MB used.
       Both:    128.93 MB used.

Virtual space:
  Non-class space:      120.00 MB reserved,     112.50 MB ( 94%) committed,  15 nodes.
      Class space:        1.00 GB reserved,      17.88 MB (  2%) committed,  1 nodes.
             Both:        1.12 GB reserved,     130.38 MB ( 11%) committed. 

Chunk freelists:
   Non-Class:  2.66 MB
       Class:  2.07 MB
        Both:  4.73 MB

MaxMetaspaceSize: unlimited
CompressedClassSpaceSize: 1.00 GB
Initial GC threshold: 21.00 MB
Current GC threshold: 216.69 MB
CDS: off
MetaspaceReclaimPolicy: balanced
 - commit_granule_bytes: 65536.
 - commit_granule_words: 8192.
 - virtual_space_node_default_size: 1048576.
 - enlarge_chunks_in_place: 1.
 - new_chunks_are_fully_committed: 0.
 - uncommit_free_chunks: 1.
 - use_allocation_guard: 0.
 - handle_deallocations: 1.


Internal statistics:

num_allocs_failed_limit: 18.
num_arena_births: 2994.
num_arena_deaths: 212.
num_vsnodes_births: 16.
num_vsnodes_deaths: 0.
num_space_committed: 2086.
num_space_uncommitted: 0.
num_chunks_returned_to_freelist: 249.
num_chunks_taken_from_freelist: 8508.
num_chunk_merges: 95.
num_chunk_splits: 5165.
num_chunks_enlarged: 2869.
num_purges: 6.
num_inconsistent_stats: 0.

CodeHeap 'non-profiled nmethods': size=120000Kb used=14362Kb max_used=14362Kb free=105637Kb
 bounds [0x0000020cee1f0000, 0x0000020cef000000, 0x0000020cf5720000]
CodeHeap 'profiled nmethods': size=120000Kb used=38541Kb max_used=39869Kb free=81458Kb
 bounds [0x0000020ce6720000, 0x0000020ce8e30000, 0x0000020cedc50000]
CodeHeap 'non-nmethods': size=5760Kb used=2460Kb max_used=2588Kb free=3299Kb
 bounds [0x0000020cedc50000, 0x0000020cedee0000, 0x0000020cee1f0000]
 total_blobs=20197 nmethods=19187 adapters=920
 compilation: enabled
              stopped_count=0, restarted_count=0
 full_count=0

Compilation events (20 events):
Event: 2306.094 Thread 0x0000020c871d0c30 nmethod 23173 0x0000020ceefefa10 code [0x0000020ceefefba0, 0x0000020ceeff0478]
Event: 2306.096 Thread 0x0000020c871d0c30 23185       4       org.gradle.api.internal.tasks.properties.DefaultCacheableOutputFilePropertySpec::getPropertyName (39 bytes)
Event: 2306.096 Thread 0x0000020c871d0c30 nmethod 23185 0x0000020ceeff0890 code [0x0000020ceeff0a00, 0x0000020ceeff0a98]
Event: 2306.104 Thread 0x0000020c871d0c30 23186       4       org.gradle.api.internal.file.collections.DefaultConfigurableFileCollection$1::visitCollection (50 bytes)
Event: 2306.106 Thread 0x0000020cfd4b7eb0 23187       1       org.jetbrains.kotlin.gradle.dsl.KotlinCommonCompilerToolOptionsDefault::getAllWarningsAsErrors (5 bytes)
Event: 2306.106 Thread 0x0000020cfd4b7eb0 nmethod 23187 0x0000020ceeff0b90 code [0x0000020ceeff0d20, 0x0000020ceeff0df8]
Event: 2306.106 Thread 0x0000020cfd4b7eb0 23188       1       org.jetbrains.kotlin.gradle.dsl.KotlinJvmCompilerOptionsDefault::getJavaParameters (5 bytes)
Event: 2306.107 Thread 0x0000020cfd4b7eb0 nmethod 23188 0x0000020ceeff0e90 code [0x0000020ceeff1020, 0x0000020ceeff10f8]
Event: 2306.107 Thread 0x0000020cfd4b7eb0 23189       1       org.jetbrains.kotlin.gradle.dsl.KotlinCommonCompilerOptionsDefault::getUseK2 (5 bytes)
Event: 2306.107 Thread 0x0000020cfd4b7eb0 nmethod 23189 0x0000020ceeff1190 code [0x0000020ceeff1320, 0x0000020ceeff13f8]
Event: 2306.110 Thread 0x0000020cfd4b7eb0 23190       3       org.gradle.api.file.RelativePath::<init> (8 bytes)
Event: 2306.110 Thread 0x0000020cfd4b7eb0 nmethod 23190 0x0000020ce7ea5690 code [0x0000020ce7ea5840, 0x0000020ce7ea5988]
Event: 2306.119 Thread 0x0000020c871d0c30 nmethod 23186 0x0000020ceeff1490 code [0x0000020ceeff16a0, 0x0000020ceeff2508]
Event: 2306.161 Thread 0x0000020cfd4b7eb0 23191       1       org.gradle.jvm.toolchain.internal.DefaultToolchainSpec_Decorated::getModelIdentityDisplayName (5 bytes)
Event: 2306.161 Thread 0x0000020cfd4b7eb0 nmethod 23191 0x0000020ceeff2d10 code [0x0000020ceeff2ea0, 0x0000020ceeff2f78]
Event: 2306.161 Thread 0x0000020cfd4b7eb0 23192       3       org.gradle.api.internal.artifacts.ivyservice.DefaultConfigurationResolver::getRepositories (16 bytes)
Event: 2306.161 Thread 0x0000020cfd4b7eb0 nmethod 23192 0x0000020ce7310b10 code [0x0000020ce7310ce0, 0x0000020ce7311048]
Event: 2306.162 Thread 0x0000020cfd4b7eb0 23193       3       org.gradle.api.internal.artifacts.DefaultDependencyManagementServices$DefaultDependencyResolutionServices::getResolveRepositoryHandler (15 bytes)
Event: 2306.162 Thread 0x0000020cfd4b7eb0 nmethod 23193 0x0000020ce76f3010 code [0x0000020ce76f3200, 0x0000020ce76f3828]
Event: 2306.162 Thread 0x0000020cfd4b7eb0 23194       3       org.gradle.api.internal.artifacts.repositories.resolver.ExternalResourceResolver::generateId (160 bytes)

GC Heap History (20 events):
Event: 1745.358 GC heap before
{Heap before GC invocations=54 (full 0):
 garbage-first heap   total 283648K, used 202830K [0x0000000080000000, 0x0000000100000000)
  region size 1024K, 47 young (48128K), 2 survivors (2048K)
 Metaspace       used 129955K, committed 131008K, reserved 1163264K
  class space    used 17336K, committed 17856K, reserved 1048576K
}
Event: 1745.362 GC heap after
{Heap after GC invocations=55 (full 0):
 garbage-first heap   total 283648K, used 153422K [0x0000000080000000, 0x0000000100000000)
  region size 1024K, 3 young (3072K), 3 survivors (3072K)
 Metaspace       used 129955K, committed 131008K, reserved 1163264K
  class space    used 17336K, committed 17856K, reserved 1048576K
}
Event: 1745.363 GC heap before
{Heap before GC invocations=55 (full 0):
 garbage-first heap   total 283648K, used 155470K [0x0000000080000000, 0x0000000100000000)
  region size 1024K, 4 young (4096K), 3 survivors (3072K)
 Metaspace       used 129955K, committed 131008K, reserved 1163264K
  class space    used 17336K, committed 17856K, reserved 1048576K
}
Event: 1745.366 GC heap after
{Heap after GC invocations=56 (full 0):
 garbage-first heap   total 283648K, used 155480K [0x0000000080000000, 0x0000000100000000)
  region size 1024K, 3 young (3072K), 3 survivors (3072K)
 Metaspace       used 129955K, committed 131008K, reserved 1163264K
  class space    used 17336K, committed 17856K, reserved 1048576K
}
Event: 2251.185 GC heap before
{Heap before GC invocations=57 (full 0):
 garbage-first heap   total 283648K, used 239448K [0x0000000080000000, 0x0000000100000000)
  region size 1024K, 83 young (84992K), 3 survivors (3072K)
 Metaspace       used 130234K, committed 131328K, reserved 1163264K
  class space    used 17337K, committed 17856K, reserved 1048576K
}
Event: 2251.195 GC heap after
{Heap after GC invocations=58 (full 0):
 garbage-first heap   total 283648K, used 151975K [0x0000000080000000, 0x0000000100000000)
  region size 1024K, 10 young (10240K), 10 survivors (10240K)
 Metaspace       used 130234K, committed 131328K, reserved 1163264K
  class space    used 17337K, committed 17856K, reserved 1048576K
}
Event: 2251.201 GC heap before
{Heap before GC invocations=58 (full 0):
 garbage-first heap   total 283648K, used 155047K [0x0000000080000000, 0x0000000100000000)
  region size 1024K, 13 young (13312K), 10 survivors (10240K)
 Metaspace       used 130243K, committed 131328K, reserved 1163264K
  class space    used 17337K, committed 17856K, reserved 1048576K
}
Event: 2251.212 GC heap after
{Heap after GC invocations=59 (full 0):
 garbage-first heap   total 283648K, used 139675K [0x0000000080000000, 0x0000000100000000)
  region size 1024K, 2 young (2048K), 2 survivors (2048K)
 Metaspace       used 130243K, committed 131328K, reserved 1163264K
  class space    used 17337K, committed 17856K, reserved 1048576K
}
Event: 2252.648 GC heap before
{Heap before GC invocations=59 (full 0):
 garbage-first heap   total 283648K, used 155035K [0x0000000080000000, 0x0000000100000000)
  region size 1024K, 19 young (19456K), 2 survivors (2048K)
 Metaspace       used 130449K, committed 131520K, reserved 1163264K
  class space    used 17341K, committed 17856K, reserved 1048576K
}
Event: 2252.650 GC heap after
{Heap after GC invocations=60 (full 0):
 garbage-first heap   total 283648K, used 139617K [0x0000000080000000, 0x0000000100000000)
  region size 1024K, 2 young (2048K), 2 survivors (2048K)
 Metaspace       used 130449K, committed 131520K, reserved 1163264K
  class space    used 17341K, committed 17856K, reserved 1048576K
}
Event: 2285.619 GC heap before
{Heap before GC invocations=61 (full 0):
 garbage-first heap   total 283648K, used 248161K [0x0000000080000000, 0x0000000100000000)
  region size 1024K, 91 young (93184K), 2 survivors (2048K)
 Metaspace       used 131599K, committed 133056K, reserved 1171456K
  class space    used 17582K, committed 18240K, reserved 1048576K
}
Event: 2285.629 GC heap after
{Heap after GC invocations=62 (full 0):
 garbage-first heap   total 283648K, used 146735K [0x0000000080000000, 0x0000000100000000)
  region size 1024K, 11 young (11264K), 11 survivors (11264K)
 Metaspace       used 131599K, committed 133056K, reserved 1171456K
  class space    used 17582K, committed 18240K, reserved 1048576K
}
Event: 2285.640 GC heap before
{Heap before GC invocations=62 (full 0):
 garbage-first heap   total 283648K, used 148783K [0x0000000080000000, 0x0000000100000000)
  region size 1024K, 13 young (13312K), 11 survivors (11264K)
 Metaspace       used 131617K, committed 133056K, reserved 1171456K
  class space    used 17582K, committed 18240K, reserved 1048576K
}
Event: 2285.661 GC heap after
{Heap after GC invocations=63 (full 0):
 garbage-first heap   total 283648K, used 132260K [0x0000000080000000, 0x0000000100000000)
  region size 1024K, 2 young (2048K), 2 survivors (2048K)
 Metaspace       used 131617K, committed 133056K, reserved 1171456K
  class space    used 17582K, committed 18240K, reserved 1048576K
}
Event: 2285.723 GC heap before
{Heap before GC invocations=63 (full 0):
 garbage-first heap   total 283648K, used 136356K [0x0000000080000000, 0x0000000100000000)
  region size 1024K, 7 young (7168K), 2 survivors (2048K)
 Metaspace       used 131630K, committed 133056K, reserved 1171456K
  class space    used 17582K, committed 18240K, reserved 1048576K
}
Event: 2285.725 GC heap after
{Heap after GC invocations=64 (full 0):
 garbage-first heap   total 283648K, used 131230K [0x0000000080000000, 0x0000000100000000)
  region size 1024K, 1 young (1024K), 1 survivors (1024K)
 Metaspace       used 131630K, committed 133056K, reserved 1171456K
  class space    used 17582K, committed 18240K, reserved 1048576K
}
Event: 2305.010 GC heap before
{Heap before GC invocations=65 (full 0):
 garbage-first heap   total 283648K, used 253086K [0x0000000080000000, 0x0000000100000000)
  region size 1024K, 100 young (102400K), 1 survivors (1024K)
 Metaspace       used 131789K, committed 133184K, reserved 1171456K
  class space    used 17583K, committed 18240K, reserved 1048576K
}
Event: 2305.014 GC heap after
{Heap after GC invocations=66 (full 0):
 garbage-first heap   total 283648K, used 133061K [0x0000000080000000, 0x0000000100000000)
  region size 1024K, 3 young (3072K), 3 survivors (3072K)
 Metaspace       used 131789K, committed 133184K, reserved 1171456K
  class space    used 17583K, committed 18240K, reserved 1048576K
}
Event: 2305.321 GC heap before
{Heap before GC invocations=66 (full 0):
 garbage-first heap   total 283648K, used 143301K [0x0000000080000000, 0x0000000100000000)
  region size 1024K, 13 young (13312K), 3 survivors (3072K)
 Metaspace       used 131822K, committed 133184K, reserved 1171456K
  class space    used 17583K, committed 18240K, reserved 1048576K
}
Event: 2305.330 GC heap after
{Heap after GC invocations=67 (full 0):
 garbage-first heap   total 283648K, used 127652K [0x0000000080000000, 0x0000000100000000)
  region size 1024K, 2 young (2048K), 2 survivors (2048K)
 Metaspace       used 131822K, committed 133184K, reserved 1171456K
  class space    used 17583K, committed 18240K, reserved 1048576K
}

Dll operation events (2 events):
Event: 0.024 Loaded shared library C:\Program Files\Android\Android Studio\jbr\bin\java.dll
Event: 0.616 Loaded shared library C:\Program Files\Android\Android Studio\jbr\bin\verify.dll

Deoptimization events (20 events):
Event: 2296.213 Thread 0x0000020c8044a2e0 Uncommon trap: trap_request=0xffffff45 fr.pc=0x0000020cee8d0cc0 relative=0x0000000000000d00
Event: 2296.213 Thread 0x0000020c8044a2e0 Uncommon trap: reason=unstable_if action=reinterpret pc=0x0000020cee8d0cc0 method=java.util.concurrent.ArrayBlockingQueue.enqueue(Ljava/lang/Object;)V @ 25 c2
Event: 2296.213 Thread 0x0000020c8044a2e0 DEOPT PACKING pc=0x0000020cee8d0cc0 sp=0x0000001fefcfed00
Event: 2296.213 Thread 0x0000020c8044a2e0 DEOPT UNPACKING pc=0x0000020cedca69a3 sp=0x0000001fefcfec08 mode 2
Event: 2296.220 Thread 0x0000020cfe250b20 Uncommon trap: trap_request=0xffffff45 fr.pc=0x0000020cee8d2a94 relative=0x0000000000000dd4
Event: 2296.220 Thread 0x0000020cfe250b20 Uncommon trap: reason=unstable_if action=reinterpret pc=0x0000020cee8d2a94 method=java.util.concurrent.ArrayBlockingQueue.dequeue()Ljava/lang/Object; @ 32 c2
Event: 2296.220 Thread 0x0000020cfe250b20 DEOPT PACKING pc=0x0000020cee8d2a94 sp=0x0000001fef1fef50
Event: 2296.220 Thread 0x0000020cfe250b20 DEOPT UNPACKING pc=0x0000020cedca69a3 sp=0x0000001fef1feeb0 mode 2
Event: 2296.618 Thread 0x0000020c82476e00 Uncommon trap: trap_request=0xffffff45 fr.pc=0x0000020cee7c78b0 relative=0x00000000000007f0
Event: 2296.618 Thread 0x0000020c82476e00 Uncommon trap: reason=unstable_if action=reinterpret pc=0x0000020cee7c78b0 method=java.util.concurrent.ConcurrentHashMap.replaceNode(Ljava/lang/Object;Ljava/lang/Object;Ljava/lang/Object;)Ljava/lang/Object; @ 62 c2
Event: 2296.618 Thread 0x0000020c82476e00 DEOPT PACKING pc=0x0000020cee7c78b0 sp=0x0000001ff18fe9f0
Event: 2296.618 Thread 0x0000020c82476e00 DEOPT UNPACKING pc=0x0000020cedca69a3 sp=0x0000001ff18fe968 mode 2
Event: 2304.994 Thread 0x0000020c80449940 Uncommon trap: trap_request=0xffffff45 fr.pc=0x0000020cee41f244 relative=0x0000000000000be4
Event: 2304.994 Thread 0x0000020c80449940 Uncommon trap: reason=unstable_if action=reinterpret pc=0x0000020cee41f244 method=java.util.concurrent.ConcurrentLinkedQueue.updateHead(Ljava/util/concurrent/ConcurrentLinkedQueue$Node;Ljava/util/concurrent/ConcurrentLinkedQueue$Node;)V @ 14 c2
Event: 2304.994 Thread 0x0000020c80449940 DEOPT PACKING pc=0x0000020cee41f244 sp=0x0000001fefdfee70
Event: 2304.994 Thread 0x0000020c80449940 DEOPT UNPACKING pc=0x0000020cedca69a3 sp=0x0000001fefdfed38 mode 2
Event: 2306.020 Thread 0x0000020c873d0880 Uncommon trap: trap_request=0xffffff45 fr.pc=0x0000020cee687a8c relative=0x000000000000106c
Event: 2306.020 Thread 0x0000020c873d0880 Uncommon trap: reason=unstable_if action=reinterpret pc=0x0000020cee687a8c method=java.util.concurrent.ConcurrentHashMap.putVal(Ljava/lang/Object;Ljava/lang/Object;Z)Ljava/lang/Object; @ 112 c2
Event: 2306.020 Thread 0x0000020c873d0880 DEOPT PACKING pc=0x0000020cee687a8c sp=0x0000001ff41fa570
Event: 2306.020 Thread 0x0000020c873d0880 DEOPT UNPACKING pc=0x0000020cedca69a3 sp=0x0000001ff41fa500 mode 2

Classes unloaded (20 events):
Event: 2252.817 Thread 0x0000020cfd40cbe0 Unloading class 0x000000010028c800 'java/lang/invoke/LambdaForm$MH+0x000000010028c800'
Event: 2252.817 Thread 0x0000020cfd40cbe0 Unloading class 0x000000010028c400 'java/lang/invoke/LambdaForm$BMH+0x000000010028c400'
Event: 2252.817 Thread 0x0000020cfd40cbe0 Unloading class 0x0000000100200400 'java/lang/invoke/LambdaForm$DMH+0x0000000100200400'
Event: 2252.817 Thread 0x0000020cfd40cbe0 Unloading class 0x00000001001bdc00 'java/lang/invoke/LambdaForm$DMH+0x00000001001bdc00'
Event: 2252.817 Thread 0x0000020cfd40cbe0 Unloading class 0x00000001001bd800 'java/lang/invoke/LambdaForm$MH+0x00000001001bd800'
Event: 2252.817 Thread 0x0000020cfd40cbe0 Unloading class 0x00000001001bd400 'java/lang/invoke/LambdaForm$MH+0x00000001001bd400'
Event: 2252.817 Thread 0x0000020cfd40cbe0 Unloading class 0x00000001001bd000 'java/lang/invoke/LambdaForm$MH+0x00000001001bd000'
Event: 2252.817 Thread 0x0000020cfd40cbe0 Unloading class 0x00000001001bcc00 'java/lang/invoke/LambdaForm$MH+0x00000001001bcc00'
Event: 2252.817 Thread 0x0000020cfd40cbe0 Unloading class 0x00000001001bc800 'java/lang/invoke/LambdaForm$MH+0x00000001001bc800'
Event: 2252.817 Thread 0x0000020cfd40cbe0 Unloading class 0x00000001001bc400 'java/lang/invoke/LambdaForm$MH+0x00000001001bc400'
Event: 2252.817 Thread 0x0000020cfd40cbe0 Unloading class 0x00000001001bc000 'java/lang/invoke/LambdaForm$MH+0x00000001001bc000'
Event: 2252.817 Thread 0x0000020cfd40cbe0 Unloading class 0x0000000100192800 'java/lang/invoke/LambdaForm$MH+0x0000000100192800'
Event: 2252.817 Thread 0x0000020cfd40cbe0 Unloading class 0x0000000100192000 'java/lang/invoke/LambdaForm$MH+0x0000000100192000'
Event: 2252.817 Thread 0x0000020cfd40cbe0 Unloading class 0x0000000100191c00 'java/lang/invoke/LambdaForm$MH+0x0000000100191c00'
Event: 2252.817 Thread 0x0000020cfd40cbe0 Unloading class 0x0000000100191800 'java/lang/invoke/LambdaForm$MH+0x0000000100191800'
Event: 2252.817 Thread 0x0000020cfd40cbe0 Unloading class 0x0000000100191400 'java/lang/invoke/LambdaForm$MH+0x0000000100191400'
Event: 2252.817 Thread 0x0000020cfd40cbe0 Unloading class 0x0000000100190c00 'java/lang/invoke/LambdaForm$MH+0x0000000100190c00'
Event: 2252.817 Thread 0x0000020cfd40cbe0 Unloading class 0x00000001000a6c00 'java/lang/invoke/LambdaForm$MH+0x00000001000a6c00'
Event: 2252.817 Thread 0x0000020cfd40cbe0 Unloading class 0x00000001000a6800 'java/lang/invoke/LambdaForm$MH+0x00000001000a6800'
Event: 2252.817 Thread 0x0000020cfd40cbe0 Unloading class 0x00000001000a4400 'java/lang/invoke/LambdaForm$MH+0x00000001000a4400'

Classes redefined (0 events):
No events

Internal exceptions (20 events):
Event: 2296.359 Thread 0x0000020c828b3c10 Exception <a 'sun/nio/fs/WindowsException'{0x000000008e79f3d0}> (0x000000008e79f3d0) 
thrown [s\src\hotspot\share\prims\jni.cpp, line 517]
Event: 2296.409 Thread 0x0000020c828b3c10 Exception <a 'sun/nio/fs/WindowsException'{0x000000008e3d0cf8}> (0x000000008e3d0cf8) 
thrown [s\src\hotspot\share\prims\jni.cpp, line 517]
Event: 2296.435 Thread 0x0000020c85db9aa0 Exception <a 'sun/nio/fs/WindowsException'{0x000000008e2c2f20}> (0x000000008e2c2f20) 
thrown [s\src\hotspot\share\prims\jni.cpp, line 517]
Event: 2296.712 Thread 0x0000020c85db8c30 Exception <a 'sun/nio/fs/WindowsException'{0x000000008ce0d8b8}> (0x000000008ce0d8b8) 
thrown [s\src\hotspot\share\prims\jni.cpp, line 517]
Event: 2296.717 Thread 0x0000020c85db8c30 Exception <a 'sun/nio/fs/WindowsException'{0x000000008ceca570}> (0x000000008ceca570) 
thrown [s\src\hotspot\share\prims\jni.cpp, line 517]
Event: 2296.741 Thread 0x0000020c85db8c30 Exception <a 'sun/nio/fs/WindowsException'{0x000000008c949c00}> (0x000000008c949c00) 
thrown [s\src\hotspot\share\prims\jni.cpp, line 517]
Event: 2296.748 Thread 0x0000020c85db8c30 Exception <a 'sun/nio/fs/WindowsException'{0x000000008c9f3be8}> (0x000000008c9f3be8) 
thrown [s\src\hotspot\share\prims\jni.cpp, line 517]
Event: 2296.772 Thread 0x0000020c828b3c10 Exception <a 'sun/nio/fs/WindowsException'{0x000000008e21a258}> (0x000000008e21a258) 
thrown [s\src\hotspot\share\prims\jni.cpp, line 517]
Event: 2296.772 Thread 0x0000020c828b3c10 Exception <a 'sun/nio/fs/WindowsException'{0x000000008e21a670}> (0x000000008e21a670) 
thrown [s\src\hotspot\share\prims\jni.cpp, line 517]
Event: 2296.772 Thread 0x0000020c828b3c10 Exception <a 'sun/nio/fs/WindowsException'{0x000000008e21c580}> (0x000000008e21c580) 
thrown [s\src\hotspot\share\prims\jni.cpp, line 517]
Event: 2296.779 Thread 0x0000020c87c4ec60 Exception <a 'sun/nio/fs/WindowsException'{0x000000008c8a6040}> (0x000000008c8a6040) 
thrown [s\src\hotspot\share\prims\jni.cpp, line 517]
Event: 2305.020 Thread 0x0000020c828b3c10 Exception <a 'sun/nio/fs/WindowsException'{0x0000000096619ea0}> (0x0000000096619ea0) 
thrown [s\src\hotspot\share\prims\jni.cpp, line 517]
Event: 2305.031 Thread 0x0000020c828b3c10 Exception <a 'java/lang/NoSuchMethodError'{0x0000000096513b48}: 'org.gradle.internal.buildoption.BuildOption$Value org.gradle.api.internal.StartParameterInternal.getIsolatedProjects()'> (0x0000000096513b48) 
thrown [s\src\hotspot\share\interpreter\linkResolver.cpp, line 771]
Event: 2305.622 Thread 0x0000020c828b3c10 Exception <a 'sun/nio/fs/WindowsException'{0x000000009647f9b8}> (0x000000009647f9b8) 
thrown [s\src\hotspot\share\prims\jni.cpp, line 517]
Event: 2305.630 Thread 0x0000020c828b3c10 Exception <a 'sun/nio/fs/WindowsException'{0x0000000096316fc8}> (0x0000000096316fc8) 
thrown [s\src\hotspot\share\prims\jni.cpp, line 517]
Event: 2305.630 Thread 0x0000020c828b3c10 Exception <a 'sun/nio/fs/WindowsException'{0x0000000096318230}> (0x0000000096318230) 
thrown [s\src\hotspot\share\prims\jni.cpp, line 517]
Event: 2305.630 Thread 0x0000020c828b3c10 Exception <a 'sun/nio/fs/WindowsException'{0x00000000963194e8}> (0x00000000963194e8) 
thrown [s\src\hotspot\share\prims\jni.cpp, line 517]
Event: 2305.630 Thread 0x0000020c828b3c10 Exception <a 'sun/nio/fs/WindowsException'{0x000000009631a7a0}> (0x000000009631a7a0) 
thrown [s\src\hotspot\share\prims\jni.cpp, line 517]
Event: 2305.723 Thread 0x0000020c828b3c10 Exception <a 'sun/nio/fs/WindowsException'{0x0000000090a86068}> (0x0000000090a86068) 
thrown [s\src\hotspot\share\prims\jni.cpp, line 517]
Event: 2305.843 Thread 0x0000020c873d0880 Exception <a 'sun/nio/fs/WindowsException'{0x00000000909a2f38}> (0x00000000909a2f38) 
thrown [s\src\hotspot\share\prims\jni.cpp, line 517]

VM Operations (20 events):
Event: 2285.723 Executing VM operation: G1TryInitiateConcMark
Event: 2285.725 Executing VM operation: G1TryInitiateConcMark done
Event: 2285.889 Executing VM operation: G1Concurrent
Event: 2285.898 Executing VM operation: G1Concurrent done
Event: 2285.987 Executing VM operation: G1Concurrent
Event: 2285.987 Executing VM operation: G1Concurrent done
Event: 2295.992 Executing VM operation: Cleanup
Event: 2295.992 Executing VM operation: Cleanup done
Event: 2296.243 Executing VM operation: HandshakeAllThreads
Event: 2296.243 Executing VM operation: HandshakeAllThreads done
Event: 2296.362 Executing VM operation: HandshakeAllThreads
Event: 2296.362 Executing VM operation: HandshakeAllThreads done
Event: 2296.692 Executing VM operation: ICBufferFull
Event: 2296.692 Executing VM operation: ICBufferFull done
Event: 2298.692 Executing VM operation: Cleanup
Event: 2298.692 Executing VM operation: Cleanup done
Event: 2305.010 Executing VM operation: G1CollectForAllocation
Event: 2305.014 Executing VM operation: G1CollectForAllocation done
Event: 2305.321 Executing VM operation: G1CollectForAllocation
Event: 2305.330 Executing VM operation: G1CollectForAllocation done

Events (20 events):
Event: 2304.982 Thread 0x0000020c85df7b50 Thread added: 0x0000020c85df7b50
Event: 2304.982 Thread 0x0000020c873cf070 Thread added: 0x0000020c873cf070
Event: 2304.982 Thread 0x0000020c873d0d50 Thread added: 0x0000020c873d0d50
Event: 2304.983 Thread 0x0000020c873cfee0 Thread added: 0x0000020c873cfee0
Event: 2304.983 Thread 0x0000020c873cf540 Thread added: 0x0000020c873cf540
Event: 2304.983 Thread 0x0000020c873cfa10 Thread added: 0x0000020c873cfa10
Event: 2304.983 Thread 0x0000020c82476460 Thread added: 0x0000020c82476460
Event: 2304.983 Thread 0x0000020c824772d0 Thread added: 0x0000020c824772d0
Event: 2304.983 Thread 0x0000020c82478ae0 Thread added: 0x0000020c82478ae0
Event: 2304.984 Thread 0x0000020c82473440 Thread added: 0x0000020c82473440
Event: 2304.984 Thread 0x0000020c82473910 Thread added: 0x0000020c82473910
Event: 2305.005 Thread 0x0000020c821b6330 Thread added: 0x0000020c821b6330
Event: 2305.044 Thread 0x0000020c871d0c30 Thread added: 0x0000020c871d0c30
Event: 2305.726 Thread 0x0000020c873d1220 Thread added: 0x0000020c873d1220
Event: 2305.727 Thread 0x0000020c873d03b0 Thread added: 0x0000020c873d03b0
Event: 2305.733 Thread 0x0000020c873d0880 Thread added: 0x0000020c873d0880
Event: 2305.748 Thread 0x0000020c821b4650 Thread added: 0x0000020c821b4650
Event: 2305.748 Thread 0x0000020c821b4b20 Thread added: 0x0000020c821b4b20
Event: 2305.749 Thread 0x0000020c821b54c0 Thread added: 0x0000020c821b54c0
Event: 2305.823 Thread 0x0000020c821b5990 Thread added: 0x0000020c821b5990


Dynamic libraries:
0x00007ff6088e0000 - 0x00007ff6088ea000 	C:\Program Files\Android\Android Studio\jbr\bin\java.exe
0x00007ffc6ca50000 - 0x00007ffc6cc48000 	C:\WINDOWS\SYSTEM32\ntdll.dll
0x00007ffc6aca0000 - 0x00007ffc6ad5f000 	C:\WINDOWS\System32\KERNEL32.DLL
0x00007ffc6a320000 - 0x00007ffc6a616000 	C:\WINDOWS\System32\KERNELBASE.dll
0x00007ffc6a1f0000 - 0x00007ffc6a2f0000 	C:\WINDOWS\System32\ucrtbase.dll
0x00007ffc55b30000 - 0x00007ffc55b47000 	C:\Program Files\Android\Android Studio\jbr\bin\jli.dll
0x00007ffc6c010000 - 0x00007ffc6c1ad000 	C:\WINDOWS\System32\USER32.dll
0x00007ffc6a2f0000 - 0x00007ffc6a312000 	C:\WINDOWS\System32\win32u.dll
0x00007ffc6af50000 - 0x00007ffc6af7c000 	C:\WINDOWS\System32\GDI32.dll
0x00007ffc6a620000 - 0x00007ffc6a735000 	C:\WINDOWS\System32\gdi32full.dll
0x00007ffc6a740000 - 0x00007ffc6a7dd000 	C:\WINDOWS\System32\msvcp_win.dll
0x00007ffc547f0000 - 0x00007ffc5480b000 	C:\Program Files\Android\Android Studio\jbr\bin\VCRUNTIME140.dll
0x00007ffc57d60000 - 0x00007ffc57ffa000 	C:\WINDOWS\WinSxS\amd64_microsoft.windows.common-controls_6595b64144ccf1df_6.0.19041.1110_none_60b5254171f9507e\COMCTL32.dll
0x00007ffc6b6c0000 - 0x00007ffc6b75e000 	C:\WINDOWS\System32\msvcrt.dll
0x00007ffc6b760000 - 0x00007ffc6b790000 	C:\WINDOWS\System32\IMM32.DLL
0x00007ffc5af80000 - 0x00007ffc5af8c000 	C:\Program Files\Android\Android Studio\jbr\bin\vcruntime140_1.dll
0x00007ffc3d000000 - 0x00007ffc3d08d000 	C:\Program Files\Android\Android Studio\jbr\bin\msvcp140.dll
0x00007ffc02370000 - 0x00007ffc02fdd000 	C:\Program Files\Android\Android Studio\jbr\bin\server\jvm.dll
0x00007ffc6adf0000 - 0x00007ffc6ae9f000 	C:\WINDOWS\System32\ADVAPI32.dll
0x00007ffc6aab0000 - 0x00007ffc6ab4c000 	C:\WINDOWS\System32\sechost.dll
0x00007ffc6bee0000 - 0x00007ffc6c006000 	C:\WINDOWS\System32\RPCRT4.dll
0x00007ffc61850000 - 0x00007ffc61877000 	C:\WINDOWS\SYSTEM32\WINMM.dll
0x00007ffc65e20000 - 0x00007ffc65e29000 	C:\WINDOWS\SYSTEM32\WSOCK32.dll
0x00007ffc6b650000 - 0x00007ffc6b6bb000 	C:\WINDOWS\System32\WS2_32.dll
0x00007ffc648c0000 - 0x00007ffc648ca000 	C:\WINDOWS\SYSTEM32\VERSION.dll
0x00007ffc67f20000 - 0x00007ffc67f32000 	C:\WINDOWS\SYSTEM32\kernel.appcore.dll
0x00007ffc65dd0000 - 0x00007ffc65dda000 	C:\Program Files\Android\Android Studio\jbr\bin\jimage.dll
0x00007ffc58990000 - 0x00007ffc58b74000 	C:\WINDOWS\SYSTEM32\DBGHELP.DLL
0x00007ffc53550000 - 0x00007ffc53584000 	C:\WINDOWS\SYSTEM32\dbgcore.DLL
0x00007ffc6a7e0000 - 0x00007ffc6a862000 	C:\WINDOWS\System32\bcryptPrimitives.dll
0x00007ffc5f190000 - 0x00007ffc5f1b5000 	C:\Program Files\Android\Android Studio\jbr\bin\java.dll
0x00007ffc5f200000 - 0x00007ffc5f218000 	C:\Program Files\Android\Android Studio\jbr\bin\zip.dll
0x00007ffc6b790000 - 0x00007ffc6bed4000 	C:\WINDOWS\System32\SHELL32.dll
0x00007ffc68200000 - 0x00007ffc68993000 	C:\WINDOWS\SYSTEM32\windows.storage.dll
0x00007ffc6b130000 - 0x00007ffc6b484000 	C:\WINDOWS\System32\combase.dll
0x00007ffc69b80000 - 0x00007ffc69bae000 	C:\WINDOWS\SYSTEM32\Wldp.dll
0x00007ffc6aea0000 - 0x00007ffc6af4d000 	C:\WINDOWS\System32\SHCORE.dll
0x00007ffc6b5f0000 - 0x00007ffc6b645000 	C:\WINDOWS\System32\shlwapi.dll
0x00007ffc6a070000 - 0x00007ffc6a08f000 	C:\WINDOWS\SYSTEM32\profapi.dll
0x00007ffc5f170000 - 0x00007ffc5f189000 	C:\Program Files\Android\Android Studio\jbr\bin\net.dll
0x00007ffc625e0000 - 0x00007ffc626ea000 	C:\WINDOWS\SYSTEM32\WINHTTP.dll
0x00007ffc698e0000 - 0x00007ffc6994a000 	C:\WINDOWS\system32\mswsock.dll
0x00007ffc5f0d0000 - 0x00007ffc5f0e6000 	C:\Program Files\Android\Android Studio\jbr\bin\nio.dll
0x00007ffc60580000 - 0x00007ffc60590000 	C:\Program Files\Android\Android Studio\jbr\bin\verify.dll
0x00007ffc54230000 - 0x00007ffc54257000 	D:\.gradle\native\68d5fa5c4cc2d200863cafc0d521ce42e7d3e7ee720ec0a83991735586a16f82\windows-amd64\native-platform.dll
0x00007ffc2f560000 - 0x00007ffc2f6a4000 	D:\.gradle\native\e376f236ea51e6404a007f0833ffe2c6e607c4080706a723a18a27aeea778392\windows-amd64\native-platform-file-events.dll
0x00007ffc64360000 - 0x00007ffc64369000 	C:\Program Files\Android\Android Studio\jbr\bin\management.dll
0x00007ffc60690000 - 0x00007ffc6069b000 	C:\Program Files\Android\Android Studio\jbr\bin\management_ext.dll
0x00007ffc6c4b0000 - 0x00007ffc6c4b8000 	C:\WINDOWS\System32\PSAPI.DLL
0x00007ffc69ad0000 - 0x00007ffc69ae8000 	C:\WINDOWS\SYSTEM32\CRYPTSP.dll
0x00007ffc69190000 - 0x00007ffc691c4000 	C:\WINDOWS\system32\rsaenh.dll
0x00007ffc6a920000 - 0x00007ffc6a947000 	C:\WINDOWS\System32\bcrypt.dll
0x00007ffc69ff0000 - 0x00007ffc6a01e000 	C:\WINDOWS\SYSTEM32\USERENV.dll
0x00007ffc69af0000 - 0x00007ffc69afc000 	C:\WINDOWS\SYSTEM32\CRYPTBASE.dll
0x00007ffc69580000 - 0x00007ffc695bc000 	C:\WINDOWS\SYSTEM32\IPHLPAPI.DLL
0x00007ffc6b570000 - 0x00007ffc6b578000 	C:\WINDOWS\System32\NSI.dll
0x00007ffc62be0000 - 0x00007ffc62bf7000 	C:\WINDOWS\SYSTEM32\dhcpcsvc6.DLL
0x00007ffc63490000 - 0x00007ffc634ad000 	C:\WINDOWS\SYSTEM32\dhcpcsvc.DLL
0x00007ffc695c0000 - 0x00007ffc6968a000 	C:\WINDOWS\SYSTEM32\DNSAPI.dll
0x00007ffc62580000 - 0x00007ffc62587000 	C:\WINDOWS\system32\wshunix.dll
0x00007ffc51af0000 - 0x00007ffc51b07000 	C:\WINDOWS\system32\napinsp.dll
0x00007ffc4dce0000 - 0x00007ffc4dcfb000 	C:\WINDOWS\system32\pnrpnsp.dll
0x00007ffc3e510000 - 0x00007ffc3e525000 	C:\WINDOWS\system32\wshbth.dll
0x00007ffc65b30000 - 0x00007ffc65b4d000 	C:\WINDOWS\system32\NLAapi.dll
0x00007ffc552b0000 - 0x00007ffc552c2000 	C:\WINDOWS\System32\winrnr.dll
0x00007ffc5f6c0000 - 0x00007ffc5f6ca000 	C:\Windows\System32\rasadhlp.dll
0x00007ffc5f5d0000 - 0x00007ffc5f652000 	C:\WINDOWS\System32\fwpuclnt.dll
0x00007ffc666f0000 - 0x00007ffc6670e000 	C:\Users\user\AppData\Local\Temp\native-platform7844822101785489995dir\native-platform.dll
0x00007ffc66960000 - 0x00007ffc66967000 	C:\Program Files\Android\Android Studio\jbr\bin\rmi.dll

dbghelp: loaded successfully - version: 4.0.5 - missing functions: none
symbol engine: initialized successfully - sym options: 0x614 - pdb path: .;C:\Program Files\Android\Android Studio\jbr\bin;C:\WINDOWS\SYSTEM32;C:\WINDOWS\WinSxS\amd64_microsoft.windows.common-controls_6595b64144ccf1df_6.0.19041.1110_none_60b5254171f9507e;C:\Program Files\Android\Android Studio\jbr\bin\server;D:\.gradle\native\68d5fa5c4cc2d200863cafc0d521ce42e7d3e7ee720ec0a83991735586a16f82\windows-amd64;D:\.gradle\native\e376f236ea51e6404a007f0833ffe2c6e607c4080706a723a18a27aeea778392\windows-amd64;C:\Users\user\AppData\Local\Temp\native-platform7844822101785489995dir

VM Arguments:
jvm_args: --add-opens=java.base/java.util=ALL-UNNAMED --add-opens=java.base/java.lang=ALL-UNNAMED --add-opens=java.base/java.lang.invoke=ALL-UNNAMED --add-opens=java.prefs/java.util.prefs=ALL-UNNAMED --add-opens=java.base/java.nio.charset=ALL-UNNAMED --add-opens=java.base/java.net=ALL-UNNAMED --add-opens=java.base/java.util.concurrent.atomic=ALL-UNNAMED -Xmx2048m -Dfile.encoding=UTF-8 -Duser.country=KR -Duser.language=ko -Duser.variant 
java_command: org.gradle.launcher.daemon.bootstrap.GradleDaemon 8.0
java_class_path (initial): D:\.gradle\wrapper\dists\gradle-8.0-bin\ca5e32bp14vu59qr306oxotwh\gradle-8.0\lib\gradle-launcher-8.0.jar
Launcher Type: SUN_STANDARD

[Global flags]
     intx CICompilerCount                          = 3                                         {product} {ergonomic}
     uint ConcGCThreads                            = 1                                         {product} {ergonomic}
     uint G1ConcRefinementThreads                  = 4                                         {product} {ergonomic}
   size_t G1HeapRegionSize                         = 1048576                                   {product} {ergonomic}
    uintx GCDrainStackTargetSize                   = 64                                        {product} {ergonomic}
   size_t InitialHeapSize                          = 402653184                                 {product} {ergonomic}
   size_t MarkStackSize                            = 4194304                                   {product} {ergonomic}
   size_t MaxHeapSize                              = 2147483648                                {product} {command line}
   size_t MaxNewSize                               = 1287651328                                {product} {ergonomic}
   size_t MinHeapDeltaBytes                        = 1048576                                   {product} {ergonomic}
   size_t MinHeapSize                              = 8388608                                   {product} {ergonomic}
    uintx NonNMethodCodeHeapSize                   = 5832780                                {pd product} {ergonomic}
    uintx NonProfiledCodeHeapSize                  = 122912730                              {pd product} {ergonomic}
    uintx ProfiledCodeHeapSize                     = 122912730                              {pd product} {ergonomic}
    uintx ReservedCodeCacheSize                    = 251658240                              {pd product} {ergonomic}
     bool SegmentedCodeCache                       = true                                      {product} {ergonomic}
   size_t SoftMaxHeapSize                          = 2147483648                             {manageable} {ergonomic}
     bool UseCompressedClassPointers               = true                           {product lp64_product} {ergonomic}
     bool UseCompressedOops                        = true                           {product lp64_product} {ergonomic}
     bool UseG1GC                                  = true                                      {product} {ergonomic}
     bool UseLargePagesIndividualAllocation        = false                                  {pd product} {ergonomic}

Logging:
Log output configuration:
 #0: stdout all=warning uptime,level,tags
 #1: stderr all=off uptime,level,tags

Environment Variables:
JAVA_HOME=C:\Program Files\Java\jdk-18.0.2.1
PATH=C:\Program Files\Common Files\Oracle\Java\javapath;C:\Users\user\AppData\Local\Android\Sdk\platform-tools;C:\Users\user\AppData\Local\Android\Sdk\tools;C:\Users\user\AppData\Local\Android\tools\bin;C:\Program Files\Git\bin;C:\Program Files\Git\cmd;C:\Program Files\Git\bin\git.exe;C:\src\flutter\bin;C:\Windows\System32;C:\Windows\System32\WindowsPowerShell\v1.0;C:\Program Files\Java\jdk-16.0.1\bin;C:\Users\openssl-0.9.8k_X64\bin;C:\Program Files\NVIDIA Corporation\NVIDIA NvDLISR;C:\Program Files (x86)\NVIDIA Corporation\PhysX\Common;C:\Program Files\Java\jdk-18.0.2.1\bin;C:\Program Files\nodejs\;C:\Ruby32-x64\bin;C:\Ruby31\bin;C:\Ruby31-x64\bin;C:\Users\user\AppData\Local\Microsoft\WindowsApps;C:\Users\user\AppData\Local\afreeca;C:\Users\user\AppData\Local\Programs\Microsoft VS Code\bin;C:\Users\user\development\flutter\bin;C:\flutter_windows_3.7.5-stable\flutter\bin;C:\Users\user\AppData\Roaming\npm
USERNAME=user
TMPDIR=C:\Users\Public\Documents\ESTsoft\CreatorTemp
OS=Windows_NT
PROCESSOR_IDENTIFIER=Intel64 Family 6 Model 94 Stepping 3, GenuineIntel
TMP=C:\Users\user\AppData\Local\Temp
TEMP=C:\Users\user\AppData\Local\Temp



---------------  S Y S T E M  ---------------

OS:
 Windows 10 , 64 bit Build 19041 (10.0.19041.3031)
OS uptime: 18 days 20:12 hours

CPU: total 4 (initial active 4) (4 cores per cpu, 1 threads per core) family 6 model 94 stepping 3 microcode 0xcc, cx8, cmov, fxsr, mmx, 3dnowpref, sse, sse2, sse3, ssse3, sse4.1, sse4.2, popcnt, lzcnt, tsc, tscinvbit, avx, avx2, aes, erms, clmul, bmi1, bmi2, rtm, adx, fma, vzeroupper, clflush, clflushopt

Memory: 4k page, system-wide physical 24496M (2671M free)
TotalPageFile size 24496M (AvailPageFile size 5M)
current process WorkingSet (physical memory assigned to process): 619M, peak: 623M
current process commit charge ("private bytes"): 645M, peak: 650M

vm_info: OpenJDK 64-Bit Server VM (17.0.6+0-b2043.56-9586694) for windows-amd64 JRE (17.0.6+0-b2043.56-9586694), built on Feb  9 2023 20:06:20 by "androidbuild" with MS VC++ 16.10 / 16.11 (VS2019)

END.
